
*** Running vivado
    with args -log design_1_uifdma_dbuf_0_0.vds -m64 -product Vivado -mode batch -messageDb vivado.pb -notrace -source design_1_uifdma_dbuf_0_0.tcl


****** Vivado v2019.2 (64-bit)
  **** SW Build 2708876 on Wed Nov  6 21:40:23 MST 2019
  **** IP Build 2700528 on Thu Nov  7 00:09:20 MST 2019
    ** Copyright 1986-2019 Xilinx, Inc. All Rights Reserved.

source design_1_uifdma_dbuf_0_0.tcl -notrace
INFO: [IP_Flow 19-234] Refreshing IP repositories
WARNING: [IP_Flow 19-1694] Ignoring duplicate Bus Definition IP file 'xilinx.com:user:FDMA:1.0' found within IP repository 'd:/12_RFMU/05_coding/RFMU_v0_6_0/ipdef'.
File in use: d:/12_RFMU/05_coding/RFMU_v0_6_0/ipdef/uifdma/FDMA.xml
File ignored: d:/12_RFMU/05_coding/RFMU_v0_6_0/ipdef/uifdmadbuf/FDMA.xml
WARNING: [IP_Flow 19-1694] Ignoring duplicate Bus Abstraction IP file 'xilinx.com:user:FDMA_rtl:1.0' found within IP repository 'd:/12_RFMU/05_coding/RFMU_v0_6_0/ipdef'.
File in use: d:/12_RFMU/05_coding/RFMU_v0_6_0/ipdef/uifdma/FDMA_rtl.xml
File ignored: d:/12_RFMU/05_coding/RFMU_v0_6_0/ipdef/uifdmadbuf/FDMA_rtl.xml
INFO: [IP_Flow 19-1700] Loaded user IP repository 'd:/12_RFMU/05_coding/RFMU_v0_6_0/ipdef'.
INFO: [IP_Flow 19-2313] Loaded Vivado IP repository 'C:/Xilinx/Vivado/2019.2/data/ip'.
Command: synth_design -top design_1_uifdma_dbuf_0_0 -part xc7z020clg484-1 -mode out_of_context
Starting synth_design
Attempting to get a license for feature 'Synthesis' and/or device 'xc7z020'
INFO: [Common 17-349] Got license for feature 'Synthesis' and/or device 'xc7z020'
INFO: [Device 21-403] Loading part xc7z020clg484-1
INFO: Launching helper process for spawning children vivado processes
INFO: Helper process launched with PID 30952 
---------------------------------------------------------------------------------
Starting RTL Elaboration : Time (s): cpu = 00:00:01 ; elapsed = 00:00:02 . Memory (MB): peak = 1007.637 ; gain = 241.625
---------------------------------------------------------------------------------
INFO: [Synth 8-6157] synthesizing module 'design_1_uifdma_dbuf_0_0' [d:/12_RFMU/05_coding/RFMU_v0_6_0/soc_prj/zed_9361/zed_9361.srcs/sources_1/bd/design_1/ip/design_1_uifdma_dbuf_0_0/synth/design_1_uifdma_dbuf_0_0.v:59]
INFO: [Synth 8-6157] synthesizing module 'uifdma_dbuf' [d:/12_RFMU/05_coding/RFMU_v0_6_0/soc_prj/zed_9361/zed_9361.srcs/sources_1/bd/design_1/ipshared/0c4b/uifdma_dbuf.v:23]
	Parameter AXI_Lite bound to: 1 - type: integer 
	Parameter VIDEO_ENABLE bound to: 0 - type: integer 
	Parameter ENABLE_WRITE bound to: 1 - type: integer 
	Parameter ENABLE_READ bound to: 0 - type: integer 
	Parameter AXI_DATA_WIDTH bound to: 128 - type: integer 
	Parameter AXI_ADDR_WIDTH bound to: 32 - type: integer 
	Parameter W_BUFDEPTH bound to: 2048 - type: integer 
	Parameter W_DATAWIDTH bound to: 128 - type: integer 
	Parameter W_BASEADDR bound to: 32'b00001000000000000000000000000000 
	Parameter W_DSIZEBITS bound to: 23 - type: integer 
	Parameter W_XSIZE bound to: 2048 - type: integer 
	Parameter W_XSTRIDE bound to: 2048 - type: integer 
	Parameter W_YSIZE bound to: 32 - type: integer 
	Parameter W_XDIV bound to: 2 - type: integer 
	Parameter W_BUFSIZE bound to: 3 - type: integer 
	Parameter R_BUFDEPTH bound to: 2048 - type: integer 
	Parameter R_DATAWIDTH bound to: 32 - type: integer 
	Parameter R_BASEADDR bound to: 32'b00010000000000000000000000000000 
	Parameter R_DSIZEBITS bound to: 24 - type: integer 
	Parameter R_XSIZE bound to: 1920 - type: integer 
	Parameter R_XSTRIDE bound to: 1920 - type: integer 
	Parameter R_YSIZE bound to: 1080 - type: integer 
	Parameter R_XDIV bound to: 2 - type: integer 
	Parameter R_BUFSIZE bound to: 3 - type: integer 
INFO: [Synth 8-6157] synthesizing module 'uidbuf' [d:/12_RFMU/05_coding/RFMU_v0_6_0/soc_prj/zed_9361/zed_9361.srcs/sources_1/bd/design_1/ipshared/0c4b/uidbuf.v:24]
	Parameter VIDEO_ENABLE bound to: 0 - type: integer 
	Parameter ENABLE_WRITE bound to: 1 - type: integer 
	Parameter ENABLE_READ bound to: 0 - type: integer 
	Parameter AXI_DATA_WIDTH bound to: 128 - type: integer 
	Parameter AXI_ADDR_WIDTH bound to: 32 - type: integer 
	Parameter W_BUFDEPTH bound to: 2048 - type: integer 
	Parameter W_DATAWIDTH bound to: 128 - type: integer 
	Parameter W_BASEADDR bound to: 32'b00001000000000000000000000000000 
	Parameter W_DSIZEBITS bound to: 23 - type: integer 
	Parameter W_XSIZE bound to: 2048 - type: integer 
	Parameter W_XSTRIDE bound to: 2048 - type: integer 
	Parameter W_YSIZE bound to: 32 - type: integer 
	Parameter W_XDIV bound to: 2 - type: integer 
	Parameter W_BUFSIZE bound to: 3 - type: integer 
	Parameter R_BUFDEPTH bound to: 2048 - type: integer 
	Parameter R_DATAWIDTH bound to: 32 - type: integer 
	Parameter R_BASEADDR bound to: 32'b00010000000000000000000000000000 
	Parameter R_DSIZEBITS bound to: 24 - type: integer 
	Parameter R_XSIZE bound to: 1920 - type: integer 
	Parameter R_XSTRIDE bound to: 1920 - type: integer 
	Parameter R_YSIZE bound to: 1080 - type: integer 
	Parameter R_XDIV bound to: 2 - type: integer 
	Parameter R_BUFSIZE bound to: 3 - type: integer 
	Parameter S_IDLE bound to: 2'b00 
	Parameter S_RST bound to: 2'b01 
	Parameter S_DATA1 bound to: 2'b10 
	Parameter S_DATA2 bound to: 2'b11 
INFO: [Synth 8-5534] Detected attribute (* KEEP = "TRUE" *) [d:/12_RFMU/05_coding/RFMU_v0_6_0/soc_prj/zed_9361/zed_9361.srcs/sources_1/bd/design_1/ipshared/0c4b/uidbuf.v:119]
INFO: [Synth 8-5534] Detected attribute (* mark_debug = "true" *) [d:/12_RFMU/05_coding/RFMU_v0_6_0/soc_prj/zed_9361/zed_9361.srcs/sources_1/bd/design_1/ipshared/0c4b/uidbuf.v:119]
INFO: [Synth 8-5534] Detected attribute (* KEEP = "TRUE" *) [d:/12_RFMU/05_coding/RFMU_v0_6_0/soc_prj/zed_9361/zed_9361.srcs/sources_1/bd/design_1/ipshared/0c4b/uidbuf.v:124]
INFO: [Synth 8-5534] Detected attribute (* mark_debug = "true" *) [d:/12_RFMU/05_coding/RFMU_v0_6_0/soc_prj/zed_9361/zed_9361.srcs/sources_1/bd/design_1/ipshared/0c4b/uidbuf.v:124]
INFO: [Synth 8-5534] Detected attribute (* KEEP = "TRUE" *) [d:/12_RFMU/05_coding/RFMU_v0_6_0/soc_prj/zed_9361/zed_9361.srcs/sources_1/bd/design_1/ipshared/0c4b/uidbuf.v:125]
INFO: [Synth 8-5534] Detected attribute (* mark_debug = "true" *) [d:/12_RFMU/05_coding/RFMU_v0_6_0/soc_prj/zed_9361/zed_9361.srcs/sources_1/bd/design_1/ipshared/0c4b/uidbuf.v:125]
INFO: [Synth 8-5534] Detected attribute (* KEEP = "TRUE" *) [d:/12_RFMU/05_coding/RFMU_v0_6_0/soc_prj/zed_9361/zed_9361.srcs/sources_1/bd/design_1/ipshared/0c4b/uidbuf.v:127]
INFO: [Synth 8-5534] Detected attribute (* mark_debug = "true" *) [d:/12_RFMU/05_coding/RFMU_v0_6_0/soc_prj/zed_9361/zed_9361.srcs/sources_1/bd/design_1/ipshared/0c4b/uidbuf.v:127]
INFO: [Synth 8-5534] Detected attribute (* KEEP = "TRUE" *) [d:/12_RFMU/05_coding/RFMU_v0_6_0/soc_prj/zed_9361/zed_9361.srcs/sources_1/bd/design_1/ipshared/0c4b/uidbuf.v:128]
INFO: [Synth 8-5534] Detected attribute (* mark_debug = "true" *) [d:/12_RFMU/05_coding/RFMU_v0_6_0/soc_prj/zed_9361/zed_9361.srcs/sources_1/bd/design_1/ipshared/0c4b/uidbuf.v:128]
INFO: [Synth 8-5534] Detected attribute (* KEEP = "TRUE" *) [d:/12_RFMU/05_coding/RFMU_v0_6_0/soc_prj/zed_9361/zed_9361.srcs/sources_1/bd/design_1/ipshared/0c4b/uidbuf.v:129]
INFO: [Synth 8-5534] Detected attribute (* mark_debug = "true" *) [d:/12_RFMU/05_coding/RFMU_v0_6_0/soc_prj/zed_9361/zed_9361.srcs/sources_1/bd/design_1/ipshared/0c4b/uidbuf.v:129]
INFO: [Synth 8-5534] Detected attribute (* KEEP = "TRUE" *) [d:/12_RFMU/05_coding/RFMU_v0_6_0/soc_prj/zed_9361/zed_9361.srcs/sources_1/bd/design_1/ipshared/0c4b/uidbuf.v:130]
INFO: [Synth 8-5534] Detected attribute (* mark_debug = "true" *) [d:/12_RFMU/05_coding/RFMU_v0_6_0/soc_prj/zed_9361/zed_9361.srcs/sources_1/bd/design_1/ipshared/0c4b/uidbuf.v:130]
INFO: [Synth 8-5534] Detected attribute (* KEEP = "TRUE" *) [d:/12_RFMU/05_coding/RFMU_v0_6_0/soc_prj/zed_9361/zed_9361.srcs/sources_1/bd/design_1/ipshared/0c4b/uidbuf.v:135]
INFO: [Synth 8-5534] Detected attribute (* mark_debug = "true" *) [d:/12_RFMU/05_coding/RFMU_v0_6_0/soc_prj/zed_9361/zed_9361.srcs/sources_1/bd/design_1/ipshared/0c4b/uidbuf.v:135]
INFO: [Synth 8-6157] synthesizing module 'fs_cap' [d:/12_RFMU/05_coding/RFMU_v0_6_0/soc_prj/zed_9361/zed_9361.srcs/sources_1/bd/design_1/ipshared/0c4b/fs_cap.v:25]
	Parameter VIDEO_ENABLE bound to: 0 - type: integer 
INFO: [Synth 8-5534] Detected attribute (* ASYNC_REG = "TRUE" *) [d:/12_RFMU/05_coding/RFMU_v0_6_0/soc_prj/zed_9361/zed_9361.srcs/sources_1/bd/design_1/ipshared/0c4b/fs_cap.v:39]
INFO: [Synth 8-5534] Detected attribute (* ASYNC_REG = "TRUE" *) [d:/12_RFMU/05_coding/RFMU_v0_6_0/soc_prj/zed_9361/zed_9361.srcs/sources_1/bd/design_1/ipshared/0c4b/fs_cap.v:40]
INFO: [Synth 8-5534] Detected attribute (* ASYNC_REG = "TRUE" *) [d:/12_RFMU/05_coding/RFMU_v0_6_0/soc_prj/zed_9361/zed_9361.srcs/sources_1/bd/design_1/ipshared/0c4b/fs_cap.v:41]
INFO: [Synth 8-5534] Detected attribute (* ASYNC_REG = "TRUE" *) [d:/12_RFMU/05_coding/RFMU_v0_6_0/soc_prj/zed_9361/zed_9361.srcs/sources_1/bd/design_1/ipshared/0c4b/fs_cap.v:42]
INFO: [Synth 8-6155] done synthesizing module 'fs_cap' (1#1) [d:/12_RFMU/05_coding/RFMU_v0_6_0/soc_prj/zed_9361/zed_9361.srcs/sources_1/bd/design_1/ipshared/0c4b/fs_cap.v:25]
INFO: [Synth 8-226] default block is never used [d:/12_RFMU/05_coding/RFMU_v0_6_0/soc_prj/zed_9361/zed_9361.srcs/sources_1/bd/design_1/ipshared/0c4b/uidbuf.v:186]
INFO: [Synth 8-6157] synthesizing module 'xpm_fifo_async' [C:/Xilinx/Vivado/2019.2/data/ip/xpm/xpm_fifo/hdl/xpm_fifo.sv:2029]
	Parameter FIFO_MEMORY_TYPE bound to: auto - type: string 
	Parameter ECC_MODE bound to: no_ecc - type: string 
	Parameter RELATED_CLOCKS bound to: 0 - type: integer 
	Parameter SIM_ASSERT_CHK bound to: 0 - type: integer 
	Parameter CASCADE_HEIGHT bound to: 0 - type: integer 
	Parameter FIFO_WRITE_DEPTH bound to: 2048 - type: integer 
	Parameter WRITE_DATA_WIDTH bound to: 128 - type: integer 
	Parameter WR_DATA_COUNT_WIDTH bound to: 12 - type: integer 
	Parameter PROG_FULL_THRESH bound to: 20 - type: integer 
	Parameter FULL_RESET_VALUE bound to: 0 - type: integer 
	Parameter USE_ADV_FEATURES bound to: 0707 - type: string 
	Parameter READ_MODE bound to: fwft - type: string 
	Parameter FIFO_READ_LATENCY bound to: 0 - type: integer 
	Parameter READ_DATA_WIDTH bound to: 128 - type: integer 
	Parameter RD_DATA_COUNT_WIDTH bound to: 12 - type: integer 
	Parameter PROG_EMPTY_THRESH bound to: 10 - type: integer 
	Parameter DOUT_RESET_VALUE bound to: 0 - type: string 
	Parameter CDC_SYNC_STAGES bound to: 2 - type: integer 
	Parameter WAKEUP_TIME bound to: 0 - type: integer 
	Parameter EN_ADV_FEATURE_ASYNC bound to: 16'b0000011100000111 
	Parameter P_FIFO_MEMORY_TYPE bound to: 0 - type: integer 
	Parameter P_COMMON_CLOCK bound to: 0 - type: integer 
	Parameter P_ECC_MODE bound to: 0 - type: integer 
	Parameter P_READ_MODE bound to: 1 - type: integer 
	Parameter P_WAKEUP_TIME bound to: 2 - type: integer 
INFO: [Synth 8-6157] synthesizing module 'xpm_fifo_base' [C:/Xilinx/Vivado/2019.2/data/ip/xpm/xpm_fifo/hdl/xpm_fifo.sv:56]
	Parameter COMMON_CLOCK bound to: 0 - type: integer 
	Parameter RELATED_CLOCKS bound to: 0 - type: integer 
	Parameter FIFO_MEMORY_TYPE bound to: 0 - type: integer 
	Parameter ECC_MODE bound to: 0 - type: integer 
	Parameter SIM_ASSERT_CHK bound to: 0 - type: integer 
	Parameter CASCADE_HEIGHT bound to: 0 - type: integer 
	Parameter FIFO_WRITE_DEPTH bound to: 2048 - type: integer 
	Parameter WRITE_DATA_WIDTH bound to: 128 - type: integer 
	Parameter WR_DATA_COUNT_WIDTH bound to: 12 - type: integer 
	Parameter PROG_FULL_THRESH bound to: 20 - type: integer 
	Parameter USE_ADV_FEATURES bound to: 0707 - type: string 
	Parameter READ_MODE bound to: 1 - type: integer 
	Parameter FIFO_READ_LATENCY bound to: 0 - type: integer 
	Parameter READ_DATA_WIDTH bound to: 128 - type: integer 
	Parameter RD_DATA_COUNT_WIDTH bound to: 12 - type: integer 
	Parameter PROG_EMPTY_THRESH bound to: 10 - type: integer 
	Parameter DOUT_RESET_VALUE bound to: 0 - type: string 
	Parameter CDC_DEST_SYNC_FF bound to: 2 - type: integer 
	Parameter FULL_RESET_VALUE bound to: 0 - type: integer 
	Parameter REMOVE_WR_RD_PROT_LOGIC bound to: 0 - type: integer 
	Parameter WAKEUP_TIME bound to: 0 - type: integer 
	Parameter VERSION bound to: 0 - type: integer 
	Parameter invalid bound to: 0 - type: integer 
	Parameter stage1_valid bound to: 2 - type: integer 
	Parameter stage2_valid bound to: 1 - type: integer 
	Parameter both_stages_valid bound to: 3 - type: integer 
	Parameter FIFO_MEM_TYPE bound to: 0 - type: integer 
	Parameter RD_MODE bound to: 1 - type: integer 
	Parameter ENABLE_ECC bound to: 0 - type: integer 
	Parameter FIFO_READ_DEPTH bound to: 2048 - type: integer 
	Parameter FIFO_SIZE bound to: 262144 - type: integer 
	Parameter WR_WIDTH_LOG bound to: 7 - type: integer 
	Parameter WR_DEPTH_LOG bound to: 11 - type: integer 
	Parameter WR_PNTR_WIDTH bound to: 11 - type: integer 
	Parameter RD_PNTR_WIDTH bound to: 11 - type: integer 
	Parameter FULL_RST_VAL bound to: 1'b0 
	Parameter WR_RD_RATIO bound to: 0 - type: integer 
	Parameter PF_THRESH_ADJ bound to: 18 - type: integer 
	Parameter PE_THRESH_ADJ bound to: 8 - type: integer 
	Parameter PF_THRESH_MIN bound to: 7 - type: integer 
	Parameter PF_THRESH_MAX bound to: 2043 - type: integer 
	Parameter PE_THRESH_MIN bound to: 5 - type: integer 
	Parameter PE_THRESH_MAX bound to: 2043 - type: integer 
	Parameter WR_DC_WIDTH_EXT bound to: 12 - type: integer 
	Parameter RD_DC_WIDTH_EXT bound to: 12 - type: integer 
	Parameter RD_LATENCY bound to: 2 - type: integer 
	Parameter WIDTH_RATIO bound to: 1 - type: integer 
	Parameter EN_ADV_FEATURE bound to: 16'b0000011100000111 
	Parameter EN_OF bound to: 1'b1 
	Parameter EN_PF bound to: 1'b1 
	Parameter EN_WDC bound to: 1'b1 
	Parameter EN_AF bound to: 1'b0 
	Parameter EN_WACK bound to: 1'b0 
	Parameter FG_EQ_ASYM_DOUT bound to: 1'b0 
	Parameter EN_UF bound to: 1'b1 
	Parameter EN_PE bound to: 1'b1 
	Parameter EN_RDC bound to: 1'b1 
	Parameter EN_AE bound to: 1'b0 
	Parameter EN_DVLD bound to: 1'b0 
INFO: [Synth 8-6157] synthesizing module 'xpm_memory_base' [C:/Xilinx/Vivado/2019.2/data/ip/xpm/xpm_memory/hdl/xpm_memory.sv:57]
	Parameter MEMORY_TYPE bound to: 1 - type: integer 
	Parameter MEMORY_SIZE bound to: 262144 - type: integer 
	Parameter MEMORY_PRIMITIVE bound to: 0 - type: integer 
	Parameter CLOCKING_MODE bound to: 1 - type: integer 
	Parameter ECC_MODE bound to: 0 - type: integer 
	Parameter MEMORY_INIT_FILE bound to: none - type: string 
	Parameter MEMORY_INIT_PARAM bound to: (null) - type: string 
	Parameter USE_MEM_INIT bound to: 0 - type: integer 
	Parameter MEMORY_OPTIMIZATION bound to: true - type: string 
	Parameter WAKEUP_TIME bound to: 0 - type: integer 
	Parameter AUTO_SLEEP_TIME bound to: 0 - type: integer 
	Parameter MESSAGE_CONTROL bound to: 0 - type: integer 
	Parameter VERSION bound to: 0 - type: integer 
	Parameter USE_EMBEDDED_CONSTRAINT bound to: 0 - type: integer 
	Parameter CASCADE_HEIGHT bound to: 0 - type: integer 
	Parameter SIM_ASSERT_CHK bound to: 0 - type: integer 
	Parameter WRITE_DATA_WIDTH_A bound to: 128 - type: integer 
	Parameter READ_DATA_WIDTH_A bound to: 128 - type: integer 
	Parameter BYTE_WRITE_WIDTH_A bound to: 128 - type: integer 
	Parameter ADDR_WIDTH_A bound to: 11 - type: integer 
	Parameter READ_RESET_VALUE_A bound to: 0 - type: string 
	Parameter READ_LATENCY_A bound to: 2 - type: integer 
	Parameter WRITE_MODE_A bound to: 2 - type: integer 
	Parameter RST_MODE_A bound to: SYNC - type: string 
	Parameter WRITE_DATA_WIDTH_B bound to: 128 - type: integer 
	Parameter READ_DATA_WIDTH_B bound to: 128 - type: integer 
	Parameter BYTE_WRITE_WIDTH_B bound to: 128 - type: integer 
	Parameter ADDR_WIDTH_B bound to: 11 - type: integer 
	Parameter READ_RESET_VALUE_B bound to: 0 - type: string 
	Parameter READ_LATENCY_B bound to: 2 - type: integer 
	Parameter WRITE_MODE_B bound to: 2 - type: integer 
	Parameter RST_MODE_B bound to: SYNC - type: string 
	Parameter P_MEMORY_PRIMITIVE bound to: auto - type: string 
	Parameter P_MIN_WIDTH_DATA_A bound to: 128 - type: integer 
	Parameter P_MIN_WIDTH_DATA_B bound to: 128 - type: integer 
	Parameter P_MIN_WIDTH_DATA bound to: 128 - type: integer 
	Parameter P_MIN_WIDTH_DATA_ECC bound to: 128 - type: integer 
	Parameter P_MAX_DEPTH_DATA bound to: 2048 - type: integer 
	Parameter P_ECC_MODE bound to: no_ecc - type: string 
	Parameter P_MEMORY_OPT bound to: yes - type: string 
	Parameter P_WIDTH_COL_WRITE_A bound to: 128 - type: integer 
	Parameter P_WIDTH_COL_WRITE_B bound to: 128 - type: integer 
	Parameter P_NUM_COLS_WRITE_A bound to: 1 - type: integer 
	Parameter P_NUM_COLS_WRITE_B bound to: 1 - type: integer 
	Parameter P_NUM_ROWS_WRITE_A bound to: 1 - type: integer 
	Parameter P_NUM_ROWS_WRITE_B bound to: 1 - type: integer 
	Parameter P_NUM_ROWS_READ_A bound to: 1 - type: integer 
	Parameter P_NUM_ROWS_READ_B bound to: 1 - type: integer 
	Parameter P_WIDTH_ADDR_WRITE_A bound to: 11 - type: integer 
	Parameter P_WIDTH_ADDR_WRITE_B bound to: 11 - type: integer 
	Parameter P_WIDTH_ADDR_READ_A bound to: 11 - type: integer 
	Parameter P_WIDTH_ADDR_READ_B bound to: 11 - type: integer 
	Parameter P_WIDTH_ADDR_LSB_WRITE_A bound to: 0 - type: integer 
	Parameter P_WIDTH_ADDR_LSB_WRITE_B bound to: 0 - type: integer 
	Parameter P_WIDTH_ADDR_LSB_READ_A bound to: 0 - type: integer 
	Parameter P_WIDTH_ADDR_LSB_READ_B bound to: 0 - type: integer 
	Parameter P_ENABLE_BYTE_WRITE_A bound to: 0 - type: integer 
	Parameter P_ENABLE_BYTE_WRITE_B bound to: 0 - type: integer 
	Parameter P_SDP_WRITE_MODE bound to: yes - type: string 
	Parameter rsta_loop_iter bound to: 128 - type: integer 
	Parameter rstb_loop_iter bound to: 128 - type: integer 
	Parameter NUM_CHAR_LOC bound to: 0 - type: integer 
	Parameter MAX_NUM_CHAR bound to: 0 - type: integer 
	Parameter P_MIN_WIDTH_DATA_SHFT bound to: 128 - type: integer 
	Parameter P_MIN_WIDTH_DATA_LDW bound to: 4 - type: integer 
INFO: [Synth 8-6059] Synth Info: [XPM_MEMORY 20-1] MEMORY_PRIMITIVE (0) instructs Vivado Synthesis to choose the memory primitive type. Depending on their values, other XPM_MEMORY parameters may preclude the choice of certain memory primitive types. Review XPM_MEMORY documentation and parameter values to understand any limitations, or set MEMORY_PRIMITIVE to a different value.   [C:/Xilinx/Vivado/2019.2/data/ip/xpm/xpm_memory/hdl/xpm_memory.sv:484]
WARNING: [Synth 8-6014] Unused sequential element gen_rd_b.gen_doutb_pipe.enb_pipe_reg[0] was removed.  [C:/Xilinx/Vivado/2019.2/data/ip/xpm/xpm_memory/hdl/xpm_memory.sv:2882]
INFO: [Synth 8-5772] Detected attribute (* ram_optimization = "yes" *) on RAM gen_wr_a.gen_word_narrow.mem_reg 
INFO: [Synth 8-5772] Detected attribute (* ram_ecc = "no_ecc" *) on RAM gen_wr_a.gen_word_narrow.mem_reg 
INFO: [Synth 8-6155] done synthesizing module 'xpm_memory_base' (2#1) [C:/Xilinx/Vivado/2019.2/data/ip/xpm/xpm_memory/hdl/xpm_memory.sv:57]
INFO: [Synth 8-6157] synthesizing module 'xpm_cdc_gray' [C:/Xilinx/Vivado/2019.2/data/ip/xpm/xpm_cdc/hdl/xpm_cdc.sv:284]
	Parameter DEST_SYNC_FF bound to: 2 - type: integer 
	Parameter INIT_SYNC_FF bound to: 1 - type: integer 
	Parameter REG_OUTPUT bound to: 0 - type: integer 
	Parameter SIM_ASSERT_CHK bound to: 0 - type: integer 
	Parameter SIM_LOSSLESS_GRAY_CHK bound to: 0 - type: integer 
	Parameter VERSION bound to: 0 - type: integer 
	Parameter WIDTH bound to: 11 - type: integer 
INFO: [Synth 8-5534] Detected attribute (* ASYNC_REG = "TRUE" *) [C:/Xilinx/Vivado/2019.2/data/ip/xpm/xpm_cdc/hdl/xpm_cdc.sv:358]
WARNING: [Synth 8-6014] Unused sequential element dest_out_bin_ff_reg was removed.  [C:/Xilinx/Vivado/2019.2/data/ip/xpm/xpm_cdc/hdl/xpm_cdc.sv:417]
INFO: [Synth 8-6155] done synthesizing module 'xpm_cdc_gray' (3#1) [C:/Xilinx/Vivado/2019.2/data/ip/xpm/xpm_cdc/hdl/xpm_cdc.sv:284]
INFO: [Synth 8-6157] synthesizing module 'xpm_fifo_reg_vec' [C:/Xilinx/Vivado/2019.2/data/ip/xpm/xpm_fifo/hdl/xpm_fifo.sv:1768]
	Parameter REG_WIDTH bound to: 11 - type: integer 
INFO: [Synth 8-6155] done synthesizing module 'xpm_fifo_reg_vec' (4#1) [C:/Xilinx/Vivado/2019.2/data/ip/xpm/xpm_fifo/hdl/xpm_fifo.sv:1768]
INFO: [Synth 8-6157] synthesizing module 'xpm_cdc_gray__parameterized0' [C:/Xilinx/Vivado/2019.2/data/ip/xpm/xpm_cdc/hdl/xpm_cdc.sv:284]
	Parameter DEST_SYNC_FF bound to: 4 - type: integer 
	Parameter INIT_SYNC_FF bound to: 1 - type: integer 
	Parameter REG_OUTPUT bound to: 0 - type: integer 
	Parameter SIM_ASSERT_CHK bound to: 0 - type: integer 
	Parameter SIM_LOSSLESS_GRAY_CHK bound to: 0 - type: integer 
	Parameter VERSION bound to: 0 - type: integer 
	Parameter WIDTH bound to: 12 - type: integer 
WARNING: [Synth 8-6014] Unused sequential element dest_out_bin_ff_reg was removed.  [C:/Xilinx/Vivado/2019.2/data/ip/xpm/xpm_cdc/hdl/xpm_cdc.sv:417]
INFO: [Synth 8-6155] done synthesizing module 'xpm_cdc_gray__parameterized0' (4#1) [C:/Xilinx/Vivado/2019.2/data/ip/xpm/xpm_cdc/hdl/xpm_cdc.sv:284]
INFO: [Synth 8-6157] synthesizing module 'xpm_fifo_reg_vec__parameterized0' [C:/Xilinx/Vivado/2019.2/data/ip/xpm/xpm_fifo/hdl/xpm_fifo.sv:1768]
	Parameter REG_WIDTH bound to: 12 - type: integer 
INFO: [Synth 8-6155] done synthesizing module 'xpm_fifo_reg_vec__parameterized0' (4#1) [C:/Xilinx/Vivado/2019.2/data/ip/xpm/xpm_fifo/hdl/xpm_fifo.sv:1768]
INFO: [Synth 8-6157] synthesizing module 'xpm_cdc_gray__parameterized1' [C:/Xilinx/Vivado/2019.2/data/ip/xpm/xpm_cdc/hdl/xpm_cdc.sv:284]
	Parameter DEST_SYNC_FF bound to: 2 - type: integer 
	Parameter INIT_SYNC_FF bound to: 1 - type: integer 
	Parameter REG_OUTPUT bound to: 0 - type: integer 
	Parameter SIM_ASSERT_CHK bound to: 0 - type: integer 
	Parameter SIM_LOSSLESS_GRAY_CHK bound to: 0 - type: integer 
	Parameter VERSION bound to: 0 - type: integer 
	Parameter WIDTH bound to: 12 - type: integer 
WARNING: [Synth 8-6014] Unused sequential element dest_out_bin_ff_reg was removed.  [C:/Xilinx/Vivado/2019.2/data/ip/xpm/xpm_cdc/hdl/xpm_cdc.sv:417]
INFO: [Synth 8-6155] done synthesizing module 'xpm_cdc_gray__parameterized1' (4#1) [C:/Xilinx/Vivado/2019.2/data/ip/xpm/xpm_cdc/hdl/xpm_cdc.sv:284]
INFO: [Synth 8-6157] synthesizing module 'xpm_fifo_reg_bit' [C:/Xilinx/Vivado/2019.2/data/ip/xpm/xpm_fifo/hdl/xpm_fifo.sv:1790]
	Parameter RST_VALUE bound to: 0 - type: integer 
INFO: [Synth 8-6155] done synthesizing module 'xpm_fifo_reg_bit' (5#1) [C:/Xilinx/Vivado/2019.2/data/ip/xpm/xpm_fifo/hdl/xpm_fifo.sv:1790]
INFO: [Synth 8-226] default block is never used [C:/Xilinx/Vivado/2019.2/data/ip/xpm/xpm_fifo/hdl/xpm_fifo.sv:1189]
INFO: [Synth 8-226] default block is never used [C:/Xilinx/Vivado/2019.2/data/ip/xpm/xpm_fifo/hdl/xpm_fifo.sv:1235]
INFO: [Synth 8-226] default block is never used [C:/Xilinx/Vivado/2019.2/data/ip/xpm/xpm_fifo/hdl/xpm_fifo.sv:1246]
INFO: [Synth 8-6157] synthesizing module 'xpm_counter_updn' [C:/Xilinx/Vivado/2019.2/data/ip/xpm/xpm_fifo/hdl/xpm_fifo.sv:1742]
	Parameter COUNTER_WIDTH bound to: 2 - type: integer 
	Parameter RESET_VALUE bound to: 0 - type: integer 
INFO: [Synth 8-6155] done synthesizing module 'xpm_counter_updn' (6#1) [C:/Xilinx/Vivado/2019.2/data/ip/xpm/xpm_fifo/hdl/xpm_fifo.sv:1742]
INFO: [Synth 8-6157] synthesizing module 'xpm_fifo_rst' [C:/Xilinx/Vivado/2019.2/data/ip/xpm/xpm_fifo/hdl/xpm_fifo.sv:1506]
	Parameter COMMON_CLOCK bound to: 0 - type: integer 
	Parameter CDC_DEST_SYNC_FF bound to: 2 - type: integer 
	Parameter SIM_ASSERT_CHK bound to: 0 - type: integer 
INFO: [Synth 8-5534] Detected attribute (* fsm_safe_state = "default_state" *) [C:/Xilinx/Vivado/2019.2/data/ip/xpm/xpm_fifo/hdl/xpm_fifo.sv:1574]
INFO: [Synth 8-5534] Detected attribute (* fsm_safe_state = "default_state" *) [C:/Xilinx/Vivado/2019.2/data/ip/xpm/xpm_fifo/hdl/xpm_fifo.sv:1580]
INFO: [Synth 8-6157] synthesizing module 'xpm_cdc_sync_rst' [C:/Xilinx/Vivado/2019.2/data/ip/xpm/xpm_cdc/hdl/xpm_cdc.sv:1059]
	Parameter DEST_SYNC_FF bound to: 2 - type: integer 
	Parameter INIT bound to: 32'sb00000000000000000000000000000000 
	Parameter INIT_SYNC_FF bound to: 1 - type: integer 
	Parameter SIM_ASSERT_CHK bound to: 0 - type: integer 
	Parameter VERSION bound to: 0 - type: integer 
	Parameter DEF_VAL bound to: 1'b0 
INFO: [Synth 8-5534] Detected attribute (* ASYNC_REG = "TRUE" *) [C:/Xilinx/Vivado/2019.2/data/ip/xpm/xpm_cdc/hdl/xpm_cdc.sv:1111]
INFO: [Synth 8-6155] done synthesizing module 'xpm_cdc_sync_rst' (7#1) [C:/Xilinx/Vivado/2019.2/data/ip/xpm/xpm_cdc/hdl/xpm_cdc.sv:1059]
INFO: [Synth 8-6155] done synthesizing module 'xpm_fifo_rst' (8#1) [C:/Xilinx/Vivado/2019.2/data/ip/xpm/xpm_fifo/hdl/xpm_fifo.sv:1506]
INFO: [Synth 8-6157] synthesizing module 'xpm_counter_updn__parameterized0' [C:/Xilinx/Vivado/2019.2/data/ip/xpm/xpm_fifo/hdl/xpm_fifo.sv:1742]
	Parameter COUNTER_WIDTH bound to: 12 - type: integer 
	Parameter RESET_VALUE bound to: 0 - type: integer 
INFO: [Synth 8-6155] done synthesizing module 'xpm_counter_updn__parameterized0' (8#1) [C:/Xilinx/Vivado/2019.2/data/ip/xpm/xpm_fifo/hdl/xpm_fifo.sv:1742]
INFO: [Synth 8-6157] synthesizing module 'xpm_counter_updn__parameterized1' [C:/Xilinx/Vivado/2019.2/data/ip/xpm/xpm_fifo/hdl/xpm_fifo.sv:1742]
	Parameter COUNTER_WIDTH bound to: 11 - type: integer 
	Parameter RESET_VALUE bound to: 1 - type: integer 
INFO: [Synth 8-6155] done synthesizing module 'xpm_counter_updn__parameterized1' (8#1) [C:/Xilinx/Vivado/2019.2/data/ip/xpm/xpm_fifo/hdl/xpm_fifo.sv:1742]
INFO: [Synth 8-6157] synthesizing module 'xpm_counter_updn__parameterized2' [C:/Xilinx/Vivado/2019.2/data/ip/xpm/xpm_fifo/hdl/xpm_fifo.sv:1742]
	Parameter COUNTER_WIDTH bound to: 11 - type: integer 
	Parameter RESET_VALUE bound to: 2 - type: integer 
INFO: [Synth 8-6155] done synthesizing module 'xpm_counter_updn__parameterized2' (8#1) [C:/Xilinx/Vivado/2019.2/data/ip/xpm/xpm_fifo/hdl/xpm_fifo.sv:1742]
INFO: [Synth 8-5772] Detected attribute (* rw_addr_collision = "yes" *) on RAM gen_wr_a.gen_word_narrow.mem_reg 
INFO: [Synth 8-5772] Detected attribute (* ram_optimization = "yes" *) on RAM gen_wr_a.gen_word_narrow.mem_reg 
INFO: [Synth 8-4471] merging register 'gen_fwft.empty_fwft_fb_reg' into 'gen_fwft.empty_fwft_i_reg' [C:/Xilinx/Vivado/2019.2/data/ip/xpm/xpm_fifo/hdl/xpm_fifo.sv:1294]
WARNING: [Synth 8-6014] Unused sequential element gen_fwft.empty_fwft_fb_reg was removed.  [C:/Xilinx/Vivado/2019.2/data/ip/xpm/xpm_fifo/hdl/xpm_fifo.sv:1294]
INFO: [Synth 8-6155] done synthesizing module 'xpm_fifo_base' (9#1) [C:/Xilinx/Vivado/2019.2/data/ip/xpm/xpm_fifo/hdl/xpm_fifo.sv:56]
INFO: [Synth 8-5772] Detected attribute (* rw_addr_collision = "yes" *) on RAM gen_wr_a.gen_word_narrow.mem_reg 
INFO: [Synth 8-5772] Detected attribute (* ram_optimization = "yes" *) on RAM gen_wr_a.gen_word_narrow.mem_reg 
INFO: [Synth 8-6155] done synthesizing module 'xpm_fifo_async' (10#1) [C:/Xilinx/Vivado/2019.2/data/ip/xpm/xpm_fifo/hdl/xpm_fifo.sv:2029]
WARNING: [Synth 8-6104] Input port 'fdma_rdata' has an internal driver [d:/12_RFMU/05_coding/RFMU_v0_6_0/soc_prj/zed_9361/zed_9361.srcs/sources_1/bd/design_1/ipshared/0c4b/uidbuf.v:497]
INFO: [Synth 8-6071] Mark debug on the nets applies keep_hierarchy on instance 'FDMA_WRITE_ENABLE.fs_cap_W0'. This will prevent further optimization [d:/12_RFMU/05_coding/RFMU_v0_6_0/soc_prj/zed_9361/zed_9361.srcs/sources_1/bd/design_1/ipshared/0c4b/uidbuf.v:162]
WARNING: [Synth 8-6014] Unused sequential element FDMA_WRITE_ENABLE.wrst_cnt_reg was removed.  [d:/12_RFMU/05_coding/RFMU_v0_6_0/soc_prj/zed_9361/zed_9361.srcs/sources_1/bd/design_1/ipshared/0c4b/uidbuf.v:180]
INFO: [Synth 8-5772] Detected attribute (* rw_addr_collision = "yes" *) on RAM gen_wr_a.gen_word_narrow.mem_reg 
INFO: [Synth 8-5772] Detected attribute (* ram_optimization = "yes" *) on RAM gen_wr_a.gen_word_narrow.mem_reg 
WARNING: [Synth 8-6014] Unused sequential element FDMA_WRITE_ENABLE.wdiv_cnt_reg was removed.  [d:/12_RFMU/05_coding/RFMU_v0_6_0/soc_prj/zed_9361/zed_9361.srcs/sources_1/bd/design_1/ipshared/0c4b/uidbuf.v:181]
WARNING: [Synth 8-3848] Net R_data_o in module/entity uidbuf does not have driver. [d:/12_RFMU/05_coding/RFMU_v0_6_0/soc_prj/zed_9361/zed_9361.srcs/sources_1/bd/design_1/ipshared/0c4b/uidbuf.v:76]
INFO: [Synth 8-6155] done synthesizing module 'uidbuf' (11#1) [d:/12_RFMU/05_coding/RFMU_v0_6_0/soc_prj/zed_9361/zed_9361.srcs/sources_1/bd/design_1/ipshared/0c4b/uidbuf.v:24]
INFO: [Synth 8-6157] synthesizing module 'uidbufirq' [d:/12_RFMU/05_coding/RFMU_v0_6_0/soc_prj/zed_9361/zed_9361.srcs/sources_1/bd/design_1/ipshared/0c4b/uidbufirq.v:24]
	Parameter ADDR_LSB bound to: 2 - type: integer 
	Parameter OPT_MEM_ADDR_BITS bound to: 1 - type: integer 
WARNING: [Synth 8-6014] Unused sequential element slv_reg0_reg was removed.  [d:/12_RFMU/05_coding/RFMU_v0_6_0/soc_prj/zed_9361/zed_9361.srcs/sources_1/bd/design_1/ipshared/0c4b/uidbufirq.v:185]
WARNING: [Synth 8-6014] Unused sequential element slv_reg1_reg was removed.  [d:/12_RFMU/05_coding/RFMU_v0_6_0/soc_prj/zed_9361/zed_9361.srcs/sources_1/bd/design_1/ipshared/0c4b/uidbufirq.v:191]
WARNING: [Synth 8-6014] Unused sequential element axi_araddr_reg was removed.  [d:/12_RFMU/05_coding/RFMU_v0_6_0/soc_prj/zed_9361/zed_9361.srcs/sources_1/bd/design_1/ipshared/0c4b/uidbufirq.v:243]
INFO: [Synth 8-6155] done synthesizing module 'uidbufirq' (12#1) [d:/12_RFMU/05_coding/RFMU_v0_6_0/soc_prj/zed_9361/zed_9361.srcs/sources_1/bd/design_1/ipshared/0c4b/uidbufirq.v:24]
INFO: [Synth 8-5772] Detected attribute (* rw_addr_collision = "yes" *) on RAM gen_wr_a.gen_word_narrow.mem_reg 
INFO: [Synth 8-5772] Detected attribute (* ram_optimization = "yes" *) on RAM gen_wr_a.gen_word_narrow.mem_reg 
INFO: [Synth 8-6155] done synthesizing module 'uifdma_dbuf' (13#1) [d:/12_RFMU/05_coding/RFMU_v0_6_0/soc_prj/zed_9361/zed_9361.srcs/sources_1/bd/design_1/ipshared/0c4b/uifdma_dbuf.v:23]
INFO: [Synth 8-5772] Detected attribute (* rw_addr_collision = "yes" *) on RAM gen_wr_a.gen_word_narrow.mem_reg 
INFO: [Synth 8-5772] Detected attribute (* ram_optimization = "yes" *) on RAM gen_wr_a.gen_word_narrow.mem_reg 
INFO: [Synth 8-6155] done synthesizing module 'design_1_uifdma_dbuf_0_0' (14#1) [d:/12_RFMU/05_coding/RFMU_v0_6_0/soc_prj/zed_9361/zed_9361.srcs/sources_1/bd/design_1/ip/design_1_uifdma_dbuf_0_0/synth/design_1_uifdma_dbuf_0_0.v:59]
WARNING: [Synth 8-3331] design uidbufirq has unconnected port S_AXI_AWPROT[2]
WARNING: [Synth 8-3331] design uidbufirq has unconnected port S_AXI_AWPROT[1]
WARNING: [Synth 8-3331] design uidbufirq has unconnected port S_AXI_AWPROT[0]
WARNING: [Synth 8-3331] design uidbufirq has unconnected port S_AXI_WDATA[31]
WARNING: [Synth 8-3331] design uidbufirq has unconnected port S_AXI_WDATA[30]
WARNING: [Synth 8-3331] design uidbufirq has unconnected port S_AXI_WDATA[29]
WARNING: [Synth 8-3331] design uidbufirq has unconnected port S_AXI_WDATA[28]
WARNING: [Synth 8-3331] design uidbufirq has unconnected port S_AXI_WDATA[27]
WARNING: [Synth 8-3331] design uidbufirq has unconnected port S_AXI_WDATA[26]
WARNING: [Synth 8-3331] design uidbufirq has unconnected port S_AXI_WDATA[25]
WARNING: [Synth 8-3331] design uidbufirq has unconnected port S_AXI_WDATA[24]
WARNING: [Synth 8-3331] design uidbufirq has unconnected port S_AXI_WDATA[23]
WARNING: [Synth 8-3331] design uidbufirq has unconnected port S_AXI_WDATA[22]
WARNING: [Synth 8-3331] design uidbufirq has unconnected port S_AXI_WDATA[21]
WARNING: [Synth 8-3331] design uidbufirq has unconnected port S_AXI_WDATA[20]
WARNING: [Synth 8-3331] design uidbufirq has unconnected port S_AXI_WDATA[19]
WARNING: [Synth 8-3331] design uidbufirq has unconnected port S_AXI_WDATA[18]
WARNING: [Synth 8-3331] design uidbufirq has unconnected port S_AXI_WDATA[17]
WARNING: [Synth 8-3331] design uidbufirq has unconnected port S_AXI_WDATA[16]
WARNING: [Synth 8-3331] design uidbufirq has unconnected port S_AXI_WDATA[15]
WARNING: [Synth 8-3331] design uidbufirq has unconnected port S_AXI_WDATA[14]
WARNING: [Synth 8-3331] design uidbufirq has unconnected port S_AXI_WDATA[13]
WARNING: [Synth 8-3331] design uidbufirq has unconnected port S_AXI_WDATA[12]
WARNING: [Synth 8-3331] design uidbufirq has unconnected port S_AXI_WDATA[11]
WARNING: [Synth 8-3331] design uidbufirq has unconnected port S_AXI_WDATA[10]
WARNING: [Synth 8-3331] design uidbufirq has unconnected port S_AXI_WDATA[9]
WARNING: [Synth 8-3331] design uidbufirq has unconnected port S_AXI_WDATA[8]
WARNING: [Synth 8-3331] design uidbufirq has unconnected port S_AXI_WDATA[7]
WARNING: [Synth 8-3331] design uidbufirq has unconnected port S_AXI_WDATA[6]
WARNING: [Synth 8-3331] design uidbufirq has unconnected port S_AXI_WDATA[5]
WARNING: [Synth 8-3331] design uidbufirq has unconnected port S_AXI_WDATA[4]
WARNING: [Synth 8-3331] design uidbufirq has unconnected port S_AXI_WDATA[3]
WARNING: [Synth 8-3331] design uidbufirq has unconnected port S_AXI_WDATA[2]
WARNING: [Synth 8-3331] design uidbufirq has unconnected port S_AXI_WDATA[1]
WARNING: [Synth 8-3331] design uidbufirq has unconnected port S_AXI_WDATA[0]
WARNING: [Synth 8-3331] design uidbufirq has unconnected port S_AXI_WSTRB[3]
WARNING: [Synth 8-3331] design uidbufirq has unconnected port S_AXI_WSTRB[2]
WARNING: [Synth 8-3331] design uidbufirq has unconnected port S_AXI_WSTRB[1]
WARNING: [Synth 8-3331] design uidbufirq has unconnected port S_AXI_WSTRB[0]
WARNING: [Synth 8-3331] design uidbufirq has unconnected port S_AXI_ARADDR[3]
WARNING: [Synth 8-3331] design uidbufirq has unconnected port S_AXI_ARADDR[2]
WARNING: [Synth 8-3331] design uidbufirq has unconnected port S_AXI_ARADDR[1]
WARNING: [Synth 8-3331] design uidbufirq has unconnected port S_AXI_ARADDR[0]
WARNING: [Synth 8-3331] design uidbufirq has unconnected port S_AXI_ARPROT[2]
WARNING: [Synth 8-3331] design uidbufirq has unconnected port S_AXI_ARPROT[1]
WARNING: [Synth 8-3331] design uidbufirq has unconnected port S_AXI_ARPROT[0]
WARNING: [Synth 8-3331] design xpm_memory_base has unconnected port sleep
WARNING: [Synth 8-3331] design xpm_memory_base has unconnected port rsta
WARNING: [Synth 8-3331] design xpm_memory_base has unconnected port regcea
WARNING: [Synth 8-3331] design xpm_memory_base has unconnected port injectsbiterra
WARNING: [Synth 8-3331] design xpm_memory_base has unconnected port injectdbiterra
WARNING: [Synth 8-3331] design xpm_memory_base has unconnected port dinb[127]
WARNING: [Synth 8-3331] design xpm_memory_base has unconnected port dinb[126]
WARNING: [Synth 8-3331] design xpm_memory_base has unconnected port dinb[125]
WARNING: [Synth 8-3331] design xpm_memory_base has unconnected port dinb[124]
WARNING: [Synth 8-3331] design xpm_memory_base has unconnected port dinb[123]
WARNING: [Synth 8-3331] design xpm_memory_base has unconnected port dinb[122]
WARNING: [Synth 8-3331] design xpm_memory_base has unconnected port dinb[121]
WARNING: [Synth 8-3331] design xpm_memory_base has unconnected port dinb[120]
WARNING: [Synth 8-3331] design xpm_memory_base has unconnected port dinb[119]
WARNING: [Synth 8-3331] design xpm_memory_base has unconnected port dinb[118]
WARNING: [Synth 8-3331] design xpm_memory_base has unconnected port dinb[117]
WARNING: [Synth 8-3331] design xpm_memory_base has unconnected port dinb[116]
WARNING: [Synth 8-3331] design xpm_memory_base has unconnected port dinb[115]
WARNING: [Synth 8-3331] design xpm_memory_base has unconnected port dinb[114]
WARNING: [Synth 8-3331] design xpm_memory_base has unconnected port dinb[113]
WARNING: [Synth 8-3331] design xpm_memory_base has unconnected port dinb[112]
WARNING: [Synth 8-3331] design xpm_memory_base has unconnected port dinb[111]
WARNING: [Synth 8-3331] design xpm_memory_base has unconnected port dinb[110]
WARNING: [Synth 8-3331] design xpm_memory_base has unconnected port dinb[109]
WARNING: [Synth 8-3331] design xpm_memory_base has unconnected port dinb[108]
WARNING: [Synth 8-3331] design xpm_memory_base has unconnected port dinb[107]
WARNING: [Synth 8-3331] design xpm_memory_base has unconnected port dinb[106]
WARNING: [Synth 8-3331] design xpm_memory_base has unconnected port dinb[105]
WARNING: [Synth 8-3331] design xpm_memory_base has unconnected port dinb[104]
WARNING: [Synth 8-3331] design xpm_memory_base has unconnected port dinb[103]
WARNING: [Synth 8-3331] design xpm_memory_base has unconnected port dinb[102]
WARNING: [Synth 8-3331] design xpm_memory_base has unconnected port dinb[101]
WARNING: [Synth 8-3331] design xpm_memory_base has unconnected port dinb[100]
WARNING: [Synth 8-3331] design xpm_memory_base has unconnected port dinb[99]
WARNING: [Synth 8-3331] design xpm_memory_base has unconnected port dinb[98]
WARNING: [Synth 8-3331] design xpm_memory_base has unconnected port dinb[97]
WARNING: [Synth 8-3331] design xpm_memory_base has unconnected port dinb[96]
WARNING: [Synth 8-3331] design xpm_memory_base has unconnected port dinb[95]
WARNING: [Synth 8-3331] design xpm_memory_base has unconnected port dinb[94]
WARNING: [Synth 8-3331] design xpm_memory_base has unconnected port dinb[93]
WARNING: [Synth 8-3331] design xpm_memory_base has unconnected port dinb[92]
WARNING: [Synth 8-3331] design xpm_memory_base has unconnected port dinb[91]
WARNING: [Synth 8-3331] design xpm_memory_base has unconnected port dinb[90]
WARNING: [Synth 8-3331] design xpm_memory_base has unconnected port dinb[89]
WARNING: [Synth 8-3331] design xpm_memory_base has unconnected port dinb[88]
WARNING: [Synth 8-3331] design xpm_memory_base has unconnected port dinb[87]
WARNING: [Synth 8-3331] design xpm_memory_base has unconnected port dinb[86]
WARNING: [Synth 8-3331] design xpm_memory_base has unconnected port dinb[85]
WARNING: [Synth 8-3331] design xpm_memory_base has unconnected port dinb[84]
WARNING: [Synth 8-3331] design xpm_memory_base has unconnected port dinb[83]
WARNING: [Synth 8-3331] design xpm_memory_base has unconnected port dinb[82]
WARNING: [Synth 8-3331] design xpm_memory_base has unconnected port dinb[81]
WARNING: [Synth 8-3331] design xpm_memory_base has unconnected port dinb[80]
WARNING: [Synth 8-3331] design xpm_memory_base has unconnected port dinb[79]
INFO: [Common 17-14] Message 'Synth 8-3331' appears 100 times and further instances of the messages will be disabled. Use the Tcl command set_msg_config to change the current settings.
---------------------------------------------------------------------------------
Finished RTL Elaboration : Time (s): cpu = 00:00:01 ; elapsed = 00:00:03 . Memory (MB): peak = 1085.973 ; gain = 319.961
---------------------------------------------------------------------------------

Report Check Netlist: 
+------+------------------+-------+---------+-------+------------------+
|      |Item              |Errors |Warnings |Status |Description       |
+------+------------------+-------+---------+-------+------------------+
|1     |multi_driven_nets |      0|        0|Passed |Multi driven nets |
+------+------------------+-------+---------+-------+------------------+
---------------------------------------------------------------------------------
Start Handling Custom Attributes
---------------------------------------------------------------------------------
---------------------------------------------------------------------------------
Finished Handling Custom Attributes : Time (s): cpu = 00:00:01 ; elapsed = 00:00:03 . Memory (MB): peak = 1085.973 ; gain = 319.961
---------------------------------------------------------------------------------
---------------------------------------------------------------------------------
Finished RTL Optimization Phase 1 : Time (s): cpu = 00:00:01 ; elapsed = 00:00:03 . Memory (MB): peak = 1085.973 ; gain = 319.961
---------------------------------------------------------------------------------
Netlist sorting complete. Time (s): cpu = 00:00:00 ; elapsed = 00:00:00.017 . Memory (MB): peak = 1085.973 ; gain = 0.000
INFO: [Project 1-570] Preparing netlist for logic optimization

Processing XDC Constraints
Initializing timing engine
Sourcing Tcl File [C:/Xilinx/Vivado/2019.2/data/ip/xpm/xpm_cdc/tcl/xpm_cdc_gray.tcl] for cell 'inst/uidbuf_u0/FDMA_WRITE_ENABLE.xpm_fifo_W_inst/gnuram_async_fifo.xpm_fifo_base_inst/gen_cdc_pntr.rd_pntr_cdc_inst'
Finished Sourcing Tcl File [C:/Xilinx/Vivado/2019.2/data/ip/xpm/xpm_cdc/tcl/xpm_cdc_gray.tcl] for cell 'inst/uidbuf_u0/FDMA_WRITE_ENABLE.xpm_fifo_W_inst/gnuram_async_fifo.xpm_fifo_base_inst/gen_cdc_pntr.rd_pntr_cdc_inst'
Sourcing Tcl File [C:/Xilinx/Vivado/2019.2/data/ip/xpm/xpm_cdc/tcl/xpm_cdc_gray.tcl] for cell 'inst/uidbuf_u0/FDMA_WRITE_ENABLE.xpm_fifo_W_inst/gnuram_async_fifo.xpm_fifo_base_inst/gen_cdc_pntr.wr_pntr_cdc_inst'
Finished Sourcing Tcl File [C:/Xilinx/Vivado/2019.2/data/ip/xpm/xpm_cdc/tcl/xpm_cdc_gray.tcl] for cell 'inst/uidbuf_u0/FDMA_WRITE_ENABLE.xpm_fifo_W_inst/gnuram_async_fifo.xpm_fifo_base_inst/gen_cdc_pntr.wr_pntr_cdc_inst'
Sourcing Tcl File [C:/Xilinx/Vivado/2019.2/data/ip/xpm/xpm_cdc/tcl/xpm_cdc_gray.tcl] for cell 'inst/uidbuf_u0/FDMA_WRITE_ENABLE.xpm_fifo_W_inst/gnuram_async_fifo.xpm_fifo_base_inst/gen_cdc_pntr.wr_pntr_cdc_dc_inst'
Finished Sourcing Tcl File [C:/Xilinx/Vivado/2019.2/data/ip/xpm/xpm_cdc/tcl/xpm_cdc_gray.tcl] for cell 'inst/uidbuf_u0/FDMA_WRITE_ENABLE.xpm_fifo_W_inst/gnuram_async_fifo.xpm_fifo_base_inst/gen_cdc_pntr.wr_pntr_cdc_dc_inst'
Sourcing Tcl File [C:/Xilinx/Vivado/2019.2/data/ip/xpm/xpm_cdc/tcl/xpm_cdc_gray.tcl] for cell 'inst/uidbuf_u0/FDMA_WRITE_ENABLE.xpm_fifo_W_inst/gnuram_async_fifo.xpm_fifo_base_inst/gen_cdc_pntr.rd_pntr_cdc_dc_inst'
Finished Sourcing Tcl File [C:/Xilinx/Vivado/2019.2/data/ip/xpm/xpm_cdc/tcl/xpm_cdc_gray.tcl] for cell 'inst/uidbuf_u0/FDMA_WRITE_ENABLE.xpm_fifo_W_inst/gnuram_async_fifo.xpm_fifo_base_inst/gen_cdc_pntr.rd_pntr_cdc_dc_inst'
INFO: [Project 1-236] Implementation specific constraints were found while reading constraint file [C:/Xilinx/Vivado/2019.2/data/ip/xpm/xpm_cdc/tcl/xpm_cdc_gray.tcl]. These constraints will be ignored for synthesis but will be used in implementation. Impacted constraints are listed in the file [.Xil/design_1_uifdma_dbuf_0_0_propImpl.xdc].
Resolution: To avoid this warning, move constraints listed in [.Xil/design_1_uifdma_dbuf_0_0_propImpl.xdc] to another XDC file and exclude this new file from synthesis with the used_in_synthesis property (File Properties dialog in GUI) and re-run elaboration/synthesis.
Sourcing Tcl File [C:/Xilinx/Vivado/2019.2/data/ip/xpm/xpm_cdc/tcl/xpm_cdc_sync_rst.tcl] for cell 'inst/uidbuf_u0/FDMA_WRITE_ENABLE.xpm_fifo_W_inst/gnuram_async_fifo.xpm_fifo_base_inst/xpm_fifo_rst_inst/gen_rst_ic.rrst_wr_inst'
Finished Sourcing Tcl File [C:/Xilinx/Vivado/2019.2/data/ip/xpm/xpm_cdc/tcl/xpm_cdc_sync_rst.tcl] for cell 'inst/uidbuf_u0/FDMA_WRITE_ENABLE.xpm_fifo_W_inst/gnuram_async_fifo.xpm_fifo_base_inst/xpm_fifo_rst_inst/gen_rst_ic.rrst_wr_inst'
Sourcing Tcl File [C:/Xilinx/Vivado/2019.2/data/ip/xpm/xpm_cdc/tcl/xpm_cdc_sync_rst.tcl] for cell 'inst/uidbuf_u0/FDMA_WRITE_ENABLE.xpm_fifo_W_inst/gnuram_async_fifo.xpm_fifo_base_inst/xpm_fifo_rst_inst/gen_rst_ic.wrst_rd_inst'
Finished Sourcing Tcl File [C:/Xilinx/Vivado/2019.2/data/ip/xpm/xpm_cdc/tcl/xpm_cdc_sync_rst.tcl] for cell 'inst/uidbuf_u0/FDMA_WRITE_ENABLE.xpm_fifo_W_inst/gnuram_async_fifo.xpm_fifo_base_inst/xpm_fifo_rst_inst/gen_rst_ic.wrst_rd_inst'
Sourcing Tcl File [C:/Xilinx/Vivado/2019.2/data/ip/xpm/xpm_fifo/tcl/xpm_fifo_rst.tcl] for cell 'inst/uidbuf_u0/FDMA_WRITE_ENABLE.xpm_fifo_W_inst'
Finished Sourcing Tcl File [C:/Xilinx/Vivado/2019.2/data/ip/xpm/xpm_fifo/tcl/xpm_fifo_rst.tcl] for cell 'inst/uidbuf_u0/FDMA_WRITE_ENABLE.xpm_fifo_W_inst'
INFO: [Project 1-236] Implementation specific constraints were found while reading constraint file [C:/Xilinx/Vivado/2019.2/data/ip/xpm/xpm_fifo/tcl/xpm_fifo_rst.tcl]. These constraints will be ignored for synthesis but will be used in implementation. Impacted constraints are listed in the file [.Xil/design_1_uifdma_dbuf_0_0_propImpl.xdc].
Resolution: To avoid this warning, move constraints listed in [.Xil/design_1_uifdma_dbuf_0_0_propImpl.xdc] to another XDC file and exclude this new file from synthesis with the used_in_synthesis property (File Properties dialog in GUI) and re-run elaboration/synthesis.
Completed Processing XDC Constraints

Netlist sorting complete. Time (s): cpu = 00:00:00 ; elapsed = 00:00:00 . Memory (MB): peak = 1188.410 ; gain = 0.000
INFO: [Project 1-111] Unisim Transformation Summary:
No Unisim elements were transformed.

Constraint Validation Runtime : Time (s): cpu = 00:00:00 ; elapsed = 00:00:00.019 . Memory (MB): peak = 1193.379 ; gain = 4.969
---------------------------------------------------------------------------------
Finished Constraint Validation : Time (s): cpu = 00:00:03 ; elapsed = 00:00:06 . Memory (MB): peak = 1193.379 ; gain = 427.367
---------------------------------------------------------------------------------
---------------------------------------------------------------------------------
Start Loading Part and Timing Information
---------------------------------------------------------------------------------
Loading part: xc7z020clg484-1
---------------------------------------------------------------------------------
Finished Loading Part and Timing Information : Time (s): cpu = 00:00:03 ; elapsed = 00:00:06 . Memory (MB): peak = 1193.379 ; gain = 427.367
---------------------------------------------------------------------------------
---------------------------------------------------------------------------------
Start Applying 'set_property' XDC Constraints
---------------------------------------------------------------------------------
Applied set_property DONT_TOUCH = true for inst/uidbuf_u0/\FDMA_WRITE_ENABLE.xpm_fifo_W_inst /\gnuram_async_fifo.xpm_fifo_base_inst /\gen_cdc_pntr.rd_pntr_cdc_inst . (constraint file  auto generated constraint, line ).
Applied set_property DONT_TOUCH = true for inst/uidbuf_u0/\FDMA_WRITE_ENABLE.xpm_fifo_W_inst /\gnuram_async_fifo.xpm_fifo_base_inst /\gen_cdc_pntr.wr_pntr_cdc_inst . (constraint file  auto generated constraint, line ).
Applied set_property DONT_TOUCH = true for inst/uidbuf_u0/\FDMA_WRITE_ENABLE.xpm_fifo_W_inst /\gnuram_async_fifo.xpm_fifo_base_inst /\gen_cdc_pntr.rd_pntr_cdc_dc_inst . (constraint file  auto generated constraint, line ).
Applied set_property DONT_TOUCH = true for inst/uidbuf_u0/\FDMA_WRITE_ENABLE.xpm_fifo_W_inst /\gnuram_async_fifo.xpm_fifo_base_inst /\gen_cdc_pntr.wr_pntr_cdc_dc_inst . (constraint file  auto generated constraint, line ).
Applied set_property DONT_TOUCH = true for inst/uidbuf_u0/\FDMA_WRITE_ENABLE.xpm_fifo_W_inst /\gnuram_async_fifo.xpm_fifo_base_inst /xpm_fifo_rst_inst/\gen_rst_ic.rrst_wr_inst . (constraint file  auto generated constraint, line ).
Applied set_property DONT_TOUCH = true for inst/uidbuf_u0/\FDMA_WRITE_ENABLE.xpm_fifo_W_inst /\gnuram_async_fifo.xpm_fifo_base_inst /xpm_fifo_rst_inst/\gen_rst_ic.wrst_rd_inst . (constraint file  auto generated constraint, line ).
Applied set_property DONT_TOUCH = true for inst/uidbuf_u0/\FDMA_WRITE_ENABLE.xpm_fifo_W_inst . (constraint file  auto generated constraint, line ).
---------------------------------------------------------------------------------
Finished applying 'set_property' XDC Constraints : Time (s): cpu = 00:00:03 ; elapsed = 00:00:06 . Memory (MB): peak = 1193.379 ; gain = 427.367
---------------------------------------------------------------------------------
INFO: [Synth 8-802] inferred FSM for state register 'gen_rst_ic.curr_wrst_state_reg' in module 'xpm_fifo_rst'
INFO: [Synth 8-802] inferred FSM for state register 'gen_rst_ic.curr_rrst_state_reg' in module 'xpm_fifo_rst'
INFO: [Synth 8-5818] HDL ADVISOR - The operator resource <adder> is shared. To prevent sharing consider applying a KEEP on the output of the operator [C:/Xilinx/Vivado/2019.2/data/ip/xpm/xpm_fifo/hdl/xpm_fifo.sv:855]
INFO: [Synth 8-802] inferred FSM for state register 'gen_fwft.curr_fwft_state_reg' in module 'xpm_fifo_base'
INFO: [Synth 8-802] inferred FSM for state register 'FDMA_WRITE_ENABLE.W_MS_reg' in module 'uidbuf'
INFO: [Synth 8-5552] Implemented safe state 'default_state' for state register 'gen_rst_ic.curr_wrst_state_reg' in module 'xpm_fifo_rst'
---------------------------------------------------------------------------------------------------
                   State |                     New Encoding |                Previous Encoding 
---------------------------------------------------------------------------------------------------
*
               WRST_IDLE |                            00001 |                              000
                 WRST_IN |                            00010 |                              010
                WRST_OUT |                            00100 |                              111
               WRST_EXIT |                            01000 |                              110
            WRST_GO2IDLE |                            10000 |                              100
---------------------------------------------------------------------------------------------------
INFO: [Synth 8-3354] encoded FSM with state register 'gen_rst_ic.curr_wrst_state_reg' using encoding 'one-hot' in module 'xpm_fifo_rst'
INFO: [Synth 8-5552] Implemented safe state 'default_state' for state register 'gen_rst_ic.curr_rrst_state_reg' in module 'xpm_fifo_rst'
---------------------------------------------------------------------------------------------------
                   State |                     New Encoding |                Previous Encoding 
---------------------------------------------------------------------------------------------------
*
               RRST_IDLE |                               00 |                               00
                 RRST_IN |                               01 |                               10
                RRST_OUT |                               10 |                               11
               RRST_EXIT |                               11 |                               01
---------------------------------------------------------------------------------------------------
INFO: [Synth 8-3354] encoded FSM with state register 'gen_rst_ic.curr_rrst_state_reg' using encoding 'sequential' in module 'xpm_fifo_rst'
---------------------------------------------------------------------------------------------------
                   State |                     New Encoding |                Previous Encoding 
---------------------------------------------------------------------------------------------------
                 invalid |                               00 |                               00
            stage1_valid |                               01 |                               10
       both_stages_valid |                               10 |                               11
            stage2_valid |                               11 |                               01
---------------------------------------------------------------------------------------------------
INFO: [Synth 8-3354] encoded FSM with state register 'gen_fwft.curr_fwft_state_reg' using encoding 'sequential' in module 'xpm_fifo_base'
INFO: [Synth 8-6159] Found Keep on FSM register 'FDMA_WRITE_ENABLE.W_MS_reg' in module 'uidbuf', re-encoding will not be performed
---------------------------------------------------------------------------------------------------
                   State |                     New Encoding |                Previous Encoding 
---------------------------------------------------------------------------------------------------
                  S_IDLE |                               00 |                               00
                   S_RST |                               01 |                               01
                 S_DATA1 |                               10 |                               10
                 S_DATA2 |                               11 |                               11
---------------------------------------------------------------------------------------------------
WARNING: [Synth 8-327] inferring latch for variable 'reg_data_out_reg' [d:/12_RFMU/05_coding/RFMU_v0_6_0/soc_prj/zed_9361/zed_9361.srcs/sources_1/bd/design_1/ipshared/0c4b/uidbufirq.v:304]
---------------------------------------------------------------------------------
Finished RTL Optimization Phase 2 : Time (s): cpu = 00:00:03 ; elapsed = 00:00:07 . Memory (MB): peak = 1193.379 ; gain = 427.367
---------------------------------------------------------------------------------

Report RTL Partitions: 
+-+--------------+------------+----------+
| |RTL Partition |Replication |Instances |
+-+--------------+------------+----------+
+-+--------------+------------+----------+
---------------------------------------------------------------------------------
Start RTL Component Statistics 
---------------------------------------------------------------------------------
Detailed RTL Component Info : 
+---Adders : 
	   2 Input     32 Bit       Adders := 1     
	   2 Input     23 Bit       Adders := 1     
	   2 Input     16 Bit       Adders := 1     
	   4 Input     12 Bit       Adders := 3     
	   2 Input     12 Bit       Adders := 1     
	   3 Input     12 Bit       Adders := 2     
	   4 Input     11 Bit       Adders := 3     
	   3 Input     11 Bit       Adders := 1     
	   2 Input      6 Bit       Adders := 1     
	   4 Input      2 Bit       Adders := 1     
	   2 Input      2 Bit       Adders := 1     
+---XORs : 
	   2 Input     12 Bit         XORs := 2     
	   2 Input     11 Bit         XORs := 2     
	   2 Input      1 Bit         XORs := 42    
+---Registers : 
	              128 Bit    Registers := 2     
	               32 Bit    Registers := 1     
	               23 Bit    Registers := 1     
	               16 Bit    Registers := 1     
	               12 Bit    Registers := 15    
	               11 Bit    Registers := 12    
	                8 Bit    Registers := 4     
	                6 Bit    Registers := 1     
	                4 Bit    Registers := 1     
	                2 Bit    Registers := 8     
	                1 Bit    Registers := 33    
+---RAMs : 
	             256K Bit         RAMs := 1     
+---Muxes : 
	   4 Input     23 Bit        Muxes := 1     
	   4 Input     16 Bit        Muxes := 1     
	   2 Input      6 Bit        Muxes := 2     
	   6 Input      5 Bit        Muxes := 1     
	   2 Input      5 Bit        Muxes := 8     
	   5 Input      2 Bit        Muxes := 1     
	   2 Input      2 Bit        Muxes := 40    
	   4 Input      2 Bit        Muxes := 8     
	   2 Input      1 Bit        Muxes := 13    
	   6 Input      1 Bit        Muxes := 2     
	   5 Input      1 Bit        Muxes := 3     
	   4 Input      1 Bit        Muxes := 6     
---------------------------------------------------------------------------------
Finished RTL Component Statistics 
---------------------------------------------------------------------------------
---------------------------------------------------------------------------------
Start RTL Hierarchical Component Statistics 
---------------------------------------------------------------------------------
Hierarchical RTL Component report 
Module fs_cap 
Detailed RTL Component Info : 
+---Registers : 
	                1 Bit    Registers := 5     
Module xpm_memory_base 
Detailed RTL Component Info : 
+---Registers : 
	              128 Bit    Registers := 2     
+---RAMs : 
	             256K Bit         RAMs := 1     
Module xpm_cdc_gray 
Detailed RTL Component Info : 
+---XORs : 
	   2 Input     11 Bit         XORs := 1     
	   2 Input      1 Bit         XORs := 10    
+---Registers : 
	               11 Bit    Registers := 3     
Module xpm_fifo_reg_vec 
Detailed RTL Component Info : 
+---Registers : 
	               11 Bit    Registers := 1     
Module xpm_cdc_gray__parameterized0 
Detailed RTL Component Info : 
+---XORs : 
	   2 Input     12 Bit         XORs := 1     
	   2 Input      1 Bit         XORs := 11    
+---Registers : 
	               12 Bit    Registers := 5     
Module xpm_fifo_reg_vec__parameterized0 
Detailed RTL Component Info : 
+---Registers : 
	               12 Bit    Registers := 1     
Module xpm_cdc_gray__parameterized1 
Detailed RTL Component Info : 
+---XORs : 
	   2 Input     12 Bit         XORs := 1     
	   2 Input      1 Bit         XORs := 11    
+---Registers : 
	               12 Bit    Registers := 3     
Module xpm_fifo_reg_bit 
Detailed RTL Component Info : 
+---Registers : 
	                1 Bit    Registers := 1     
Module xpm_counter_updn 
Detailed RTL Component Info : 
+---Adders : 
	   4 Input      2 Bit       Adders := 1     
+---Registers : 
	                2 Bit    Registers := 1     
Module xpm_cdc_sync_rst 
Detailed RTL Component Info : 
+---Registers : 
	                2 Bit    Registers := 1     
Module xpm_fifo_rst 
Detailed RTL Component Info : 
+---Registers : 
	                2 Bit    Registers := 1     
	                1 Bit    Registers := 4     
+---Muxes : 
	   6 Input      5 Bit        Muxes := 1     
	   2 Input      5 Bit        Muxes := 8     
	   5 Input      2 Bit        Muxes := 1     
	   2 Input      2 Bit        Muxes := 2     
	   2 Input      1 Bit        Muxes := 1     
	   6 Input      1 Bit        Muxes := 2     
	   5 Input      1 Bit        Muxes := 3     
Module xpm_counter_updn__parameterized0 
Detailed RTL Component Info : 
+---Adders : 
	   4 Input     12 Bit       Adders := 1     
+---Registers : 
	               12 Bit    Registers := 1     
Module xpm_counter_updn__parameterized1 
Detailed RTL Component Info : 
+---Adders : 
	   4 Input     11 Bit       Adders := 1     
+---Registers : 
	               11 Bit    Registers := 1     
Module xpm_counter_updn__parameterized2 
Detailed RTL Component Info : 
+---Adders : 
	   4 Input     11 Bit       Adders := 1     
+---Registers : 
	               11 Bit    Registers := 1     
Module xpm_fifo_base 
Detailed RTL Component Info : 
+---Adders : 
	   2 Input     12 Bit       Adders := 1     
	   3 Input     12 Bit       Adders := 2     
	   4 Input     12 Bit       Adders := 1     
	   3 Input     11 Bit       Adders := 1     
+---Registers : 
	               12 Bit    Registers := 3     
	               11 Bit    Registers := 1     
	                1 Bit    Registers := 8     
+---Muxes : 
	   2 Input      2 Bit        Muxes := 31    
	   4 Input      2 Bit        Muxes := 7     
	   2 Input      1 Bit        Muxes := 5     
	   4 Input      1 Bit        Muxes := 2     
Module uidbuf 
Detailed RTL Component Info : 
+---Adders : 
	   2 Input     32 Bit       Adders := 1     
	   2 Input     23 Bit       Adders := 1     
	   2 Input     16 Bit       Adders := 1     
	   2 Input      6 Bit       Adders := 1     
	   2 Input      2 Bit       Adders := 1     
+---Registers : 
	               23 Bit    Registers := 1     
	               16 Bit    Registers := 1     
	                8 Bit    Registers := 2     
	                6 Bit    Registers := 1     
	                2 Bit    Registers := 2     
	                1 Bit    Registers := 3     
+---Muxes : 
	   4 Input     23 Bit        Muxes := 1     
	   4 Input     16 Bit        Muxes := 1     
	   2 Input      6 Bit        Muxes := 2     
	   4 Input      2 Bit        Muxes := 1     
	   2 Input      2 Bit        Muxes := 7     
	   4 Input      1 Bit        Muxes := 4     
	   2 Input      1 Bit        Muxes := 1     
Module uidbufirq 
Detailed RTL Component Info : 
+---Registers : 
	               32 Bit    Registers := 1     
	                8 Bit    Registers := 2     
	                4 Bit    Registers := 1     
	                2 Bit    Registers := 2     
	                1 Bit    Registers := 8     
+---Muxes : 
	   2 Input      1 Bit        Muxes := 6     
---------------------------------------------------------------------------------
Finished RTL Hierarchical Component Statistics
---------------------------------------------------------------------------------
---------------------------------------------------------------------------------
Start Part Resource Summary
---------------------------------------------------------------------------------
Part Resources:
DSPs: 220 (col length:60)
BRAMs: 280 (col length: RAMB18 60 RAMB36 30)
---------------------------------------------------------------------------------
Finished Part Resource Summary
---------------------------------------------------------------------------------
---------------------------------------------------------------------------------
Start Cross Boundary and Area Optimization
---------------------------------------------------------------------------------
Warning: Parallel synthesis criteria is not met 
INFO: [Synth 8-4652] Swapped enable and write-enable on 8 RAM instances of RAM gen_wr_a.gen_word_narrow.mem_reg to conserve power
INFO: [Synth 8-3333] propagating constant 0 across sequential element (\inst/uidbufirq_inst/fdma_rirq_r_reg )
INFO: [Synth 8-3886] merging instance 'inst/uidbufirq_inst/fdma_rbuf_irq_reg[0]' (FDRE) to 'inst/uidbufirq_inst/fdma_rbuf_irq_reg[1]'
INFO: [Synth 8-3886] merging instance 'inst/uidbufirq_inst/fdma_rbuf_irq_reg[1]' (FDRE) to 'inst/uidbufirq_inst/fdma_rbuf_irq_reg[2]'
INFO: [Synth 8-3886] merging instance 'inst/uidbufirq_inst/fdma_rbuf_irq_reg[2]' (FDRE) to 'inst/uidbufirq_inst/fdma_rbuf_irq_reg[3]'
INFO: [Synth 8-3886] merging instance 'inst/uidbufirq_inst/fdma_rbuf_irq_reg[3]' (FDRE) to 'inst/uidbufirq_inst/fdma_rbuf_irq_reg[4]'
INFO: [Synth 8-3886] merging instance 'inst/uidbufirq_inst/fdma_rbuf_irq_reg[4]' (FDRE) to 'inst/uidbufirq_inst/fdma_rbuf_irq_reg[5]'
INFO: [Synth 8-3886] merging instance 'inst/uidbufirq_inst/fdma_rbuf_irq_reg[5]' (FDRE) to 'inst/uidbufirq_inst/fdma_rbuf_irq_reg[6]'
INFO: [Synth 8-3886] merging instance 'inst/uidbufirq_inst/fdma_rbuf_irq_reg[6]' (FDRE) to 'inst/uidbufirq_inst/fdma_rbuf_irq_reg[7]'
INFO: [Synth 8-3333] propagating constant 0 across sequential element (\inst/uidbufirq_inst/fdma_rbuf_irq_reg[7] )
INFO: [Synth 8-3333] propagating constant 0 across sequential element (\inst/uidbuf_u0 /\FDMA_WRITE_ENABLE.W_FIFO_Rst_reg )
INFO: [Synth 8-3886] merging instance 'inst/uidbufirq_inst/reg_data_out_reg[8]' (LD) to 'inst/uidbufirq_inst/reg_data_out_reg[31]'
INFO: [Synth 8-3886] merging instance 'inst/uidbufirq_inst/reg_data_out_reg[9]' (LD) to 'inst/uidbufirq_inst/reg_data_out_reg[31]'
INFO: [Synth 8-3886] merging instance 'inst/uidbufirq_inst/reg_data_out_reg[10]' (LD) to 'inst/uidbufirq_inst/reg_data_out_reg[31]'
INFO: [Synth 8-3886] merging instance 'inst/uidbufirq_inst/reg_data_out_reg[11]' (LD) to 'inst/uidbufirq_inst/reg_data_out_reg[31]'
INFO: [Synth 8-3886] merging instance 'inst/uidbufirq_inst/reg_data_out_reg[12]' (LD) to 'inst/uidbufirq_inst/reg_data_out_reg[31]'
INFO: [Synth 8-3886] merging instance 'inst/uidbufirq_inst/reg_data_out_reg[13]' (LD) to 'inst/uidbufirq_inst/reg_data_out_reg[31]'
INFO: [Synth 8-3886] merging instance 'inst/uidbufirq_inst/reg_data_out_reg[14]' (LD) to 'inst/uidbufirq_inst/reg_data_out_reg[31]'
INFO: [Synth 8-3886] merging instance 'inst/uidbufirq_inst/reg_data_out_reg[15]' (LD) to 'inst/uidbufirq_inst/reg_data_out_reg[31]'
INFO: [Synth 8-3886] merging instance 'inst/uidbufirq_inst/reg_data_out_reg[16]' (LD) to 'inst/uidbufirq_inst/reg_data_out_reg[31]'
INFO: [Synth 8-3886] merging instance 'inst/uidbufirq_inst/reg_data_out_reg[17]' (LD) to 'inst/uidbufirq_inst/reg_data_out_reg[31]'
INFO: [Synth 8-3886] merging instance 'inst/uidbufirq_inst/reg_data_out_reg[18]' (LD) to 'inst/uidbufirq_inst/reg_data_out_reg[31]'
INFO: [Synth 8-3886] merging instance 'inst/uidbufirq_inst/reg_data_out_reg[19]' (LD) to 'inst/uidbufirq_inst/reg_data_out_reg[31]'
INFO: [Synth 8-3886] merging instance 'inst/uidbufirq_inst/reg_data_out_reg[20]' (LD) to 'inst/uidbufirq_inst/reg_data_out_reg[31]'
INFO: [Synth 8-3886] merging instance 'inst/uidbufirq_inst/reg_data_out_reg[21]' (LD) to 'inst/uidbufirq_inst/reg_data_out_reg[31]'
INFO: [Synth 8-3886] merging instance 'inst/uidbufirq_inst/reg_data_out_reg[22]' (LD) to 'inst/uidbufirq_inst/reg_data_out_reg[31]'
INFO: [Synth 8-3886] merging instance 'inst/uidbufirq_inst/reg_data_out_reg[23]' (LD) to 'inst/uidbufirq_inst/reg_data_out_reg[31]'
INFO: [Synth 8-3886] merging instance 'inst/uidbufirq_inst/reg_data_out_reg[24]' (LD) to 'inst/uidbufirq_inst/reg_data_out_reg[31]'
INFO: [Synth 8-3886] merging instance 'inst/uidbufirq_inst/reg_data_out_reg[25]' (LD) to 'inst/uidbufirq_inst/reg_data_out_reg[31]'
INFO: [Synth 8-3886] merging instance 'inst/uidbufirq_inst/reg_data_out_reg[26]' (LD) to 'inst/uidbufirq_inst/reg_data_out_reg[31]'
INFO: [Synth 8-3886] merging instance 'inst/uidbufirq_inst/reg_data_out_reg[27]' (LD) to 'inst/uidbufirq_inst/reg_data_out_reg[31]'
INFO: [Synth 8-3886] merging instance 'inst/uidbufirq_inst/reg_data_out_reg[28]' (LD) to 'inst/uidbufirq_inst/reg_data_out_reg[31]'
INFO: [Synth 8-3886] merging instance 'inst/uidbufirq_inst/reg_data_out_reg[29]' (LD) to 'inst/uidbufirq_inst/reg_data_out_reg[31]'
INFO: [Synth 8-3886] merging instance 'inst/uidbufirq_inst/reg_data_out_reg[30]' (LD) to 'inst/uidbufirq_inst/reg_data_out_reg[31]'
INFO: [Synth 8-3333] propagating constant 0 across sequential element (\inst/uidbufirq_inst/reg_data_out_reg[31] )
INFO: [Synth 8-3886] merging instance 'inst/uidbufirq_inst/axi_rresp_reg[0]' (FDRE) to 'inst/uidbufirq_inst/axi_rresp_reg[1]'
INFO: [Synth 8-3333] propagating constant 0 across sequential element (\inst/uidbufirq_inst/axi_rresp_reg[1] )
INFO: [Synth 8-3886] merging instance 'inst/uidbufirq_inst/axi_rdata_reg[8]' (FDRE) to 'inst/uidbufirq_inst/axi_rdata_reg[9]'
INFO: [Synth 8-3886] merging instance 'inst/uidbufirq_inst/axi_rdata_reg[9]' (FDRE) to 'inst/uidbufirq_inst/axi_rdata_reg[10]'
INFO: [Synth 8-3886] merging instance 'inst/uidbufirq_inst/axi_rdata_reg[10]' (FDRE) to 'inst/uidbufirq_inst/axi_rdata_reg[11]'
INFO: [Synth 8-3886] merging instance 'inst/uidbufirq_inst/axi_rdata_reg[11]' (FDRE) to 'inst/uidbufirq_inst/axi_rdata_reg[12]'
INFO: [Synth 8-3886] merging instance 'inst/uidbufirq_inst/axi_rdata_reg[12]' (FDRE) to 'inst/uidbufirq_inst/axi_rdata_reg[13]'
INFO: [Synth 8-3886] merging instance 'inst/uidbufirq_inst/axi_rdata_reg[13]' (FDRE) to 'inst/uidbufirq_inst/axi_rdata_reg[14]'
INFO: [Synth 8-3886] merging instance 'inst/uidbufirq_inst/axi_rdata_reg[14]' (FDRE) to 'inst/uidbufirq_inst/axi_rdata_reg[15]'
INFO: [Synth 8-3886] merging instance 'inst/uidbufirq_inst/axi_rdata_reg[15]' (FDRE) to 'inst/uidbufirq_inst/axi_rdata_reg[16]'
INFO: [Synth 8-3886] merging instance 'inst/uidbufirq_inst/axi_rdata_reg[16]' (FDRE) to 'inst/uidbufirq_inst/axi_rdata_reg[17]'
INFO: [Synth 8-3886] merging instance 'inst/uidbufirq_inst/axi_rdata_reg[17]' (FDRE) to 'inst/uidbufirq_inst/axi_rdata_reg[18]'
INFO: [Synth 8-3886] merging instance 'inst/uidbufirq_inst/axi_rdata_reg[18]' (FDRE) to 'inst/uidbufirq_inst/axi_rdata_reg[19]'
INFO: [Synth 8-3886] merging instance 'inst/uidbufirq_inst/axi_rdata_reg[19]' (FDRE) to 'inst/uidbufirq_inst/axi_rdata_reg[20]'
INFO: [Synth 8-3886] merging instance 'inst/uidbufirq_inst/axi_rdata_reg[20]' (FDRE) to 'inst/uidbufirq_inst/axi_rdata_reg[21]'
INFO: [Synth 8-3886] merging instance 'inst/uidbufirq_inst/axi_rdata_reg[21]' (FDRE) to 'inst/uidbufirq_inst/axi_rdata_reg[22]'
INFO: [Synth 8-3886] merging instance 'inst/uidbufirq_inst/axi_rdata_reg[22]' (FDRE) to 'inst/uidbufirq_inst/axi_rdata_reg[23]'
INFO: [Synth 8-3886] merging instance 'inst/uidbufirq_inst/axi_rdata_reg[23]' (FDRE) to 'inst/uidbufirq_inst/axi_rdata_reg[24]'
INFO: [Synth 8-3886] merging instance 'inst/uidbufirq_inst/axi_rdata_reg[24]' (FDRE) to 'inst/uidbufirq_inst/axi_rdata_reg[25]'
INFO: [Synth 8-3886] merging instance 'inst/uidbufirq_inst/axi_rdata_reg[25]' (FDRE) to 'inst/uidbufirq_inst/axi_rdata_reg[26]'
INFO: [Synth 8-3886] merging instance 'inst/uidbufirq_inst/axi_rdata_reg[26]' (FDRE) to 'inst/uidbufirq_inst/axi_rdata_reg[27]'
INFO: [Synth 8-3886] merging instance 'inst/uidbufirq_inst/axi_rdata_reg[27]' (FDRE) to 'inst/uidbufirq_inst/axi_rdata_reg[28]'
INFO: [Synth 8-3886] merging instance 'inst/uidbufirq_inst/axi_rdata_reg[28]' (FDRE) to 'inst/uidbufirq_inst/axi_rdata_reg[29]'
INFO: [Synth 8-3886] merging instance 'inst/uidbufirq_inst/axi_rdata_reg[29]' (FDRE) to 'inst/uidbufirq_inst/axi_rdata_reg[30]'
INFO: [Synth 8-3886] merging instance 'inst/uidbufirq_inst/axi_rdata_reg[30]' (FDRE) to 'inst/uidbufirq_inst/axi_rdata_reg[31]'
INFO: [Synth 8-3886] merging instance 'inst/uidbufirq_inst/axi_bresp_reg[0]' (FDRE) to 'inst/uidbufirq_inst/axi_bresp_reg[1]'
INFO: [Synth 8-3333] propagating constant 0 across sequential element (\inst/uidbufirq_inst/axi_bresp_reg[1] )
INFO: [Synth 8-3332] Sequential element (inst/uidbufirq_inst/reg_data_out_reg[31]) is unused and will be removed from module design_1_uifdma_dbuf_0_0.
---------------------------------------------------------------------------------
Finished Cross Boundary and Area Optimization : Time (s): cpu = 00:00:03 ; elapsed = 00:00:08 . Memory (MB): peak = 1193.379 ; gain = 427.367
---------------------------------------------------------------------------------
---------------------------------------------------------------------------------
Start ROM, RAM, DSP and Shift Register Reporting
---------------------------------------------------------------------------------

Block RAM: Preliminary Mapping	Report (see note below)
+------------------------------------------------------------------------------------------------------------------------------+----------------------------------+------------------------+---+---+------------------------+---+---+------------------+--------+--------+
|Module Name                                                                                                                   | RTL Object                       | PORT A (Depth x Width) | W | R | PORT B (Depth x Width) | W | R | Ports driving FF | RAMB18 | RAMB36 | 
+------------------------------------------------------------------------------------------------------------------------------+----------------------------------+------------------------+---+---+------------------------+---+---+------------------+--------+--------+
|\inst/uidbuf_u0 /\FDMA_WRITE_ENABLE.xpm_fifo_W_inst /\gnuram_async_fifo.xpm_fifo_base_inst /\gen_sdpram.xpm_memory_base_inst  | gen_wr_a.gen_word_narrow.mem_reg | 2 K x 128(NO_CHANGE)   | W |   | 2 K x 128(WRITE_FIRST) |   | R | Port A and B     | 1      | 7      | 
+------------------------------------------------------------------------------------------------------------------------------+----------------------------------+------------------------+---+---+------------------------+---+---+------------------+--------+--------+

Note: The table above is a preliminary report that shows the Block RAMs at the current stage of the synthesis flow. Some Block RAMs may be reimplemented as non Block RAM primitives later in the synthesis flow. Multiple instantiated Block RAMs are reported only once. 
---------------------------------------------------------------------------------
Finished ROM, RAM, DSP and Shift Register Reporting
---------------------------------------------------------------------------------

Report RTL Partitions: 
+-+--------------+------------+----------+
| |RTL Partition |Replication |Instances |
+-+--------------+------------+----------+
+-+--------------+------------+----------+
---------------------------------------------------------------------------------
Start Applying XDC Timing Constraints
---------------------------------------------------------------------------------
---------------------------------------------------------------------------------
Finished Applying XDC Timing Constraints : Time (s): cpu = 00:00:05 ; elapsed = 00:00:12 . Memory (MB): peak = 1193.379 ; gain = 427.367
---------------------------------------------------------------------------------
---------------------------------------------------------------------------------
Start Timing Optimization
---------------------------------------------------------------------------------
---------------------------------------------------------------------------------
Finished Timing Optimization : Time (s): cpu = 00:00:05 ; elapsed = 00:00:12 . Memory (MB): peak = 1193.379 ; gain = 427.367
---------------------------------------------------------------------------------
---------------------------------------------------------------------------------
Start ROM, RAM, DSP and Shift Register Reporting
---------------------------------------------------------------------------------

Block RAM: Final Mapping	Report
+------------------------------------------------------------------------------------------------------------------------------+----------------------------------+------------------------+---+---+------------------------+---+---+------------------+--------+--------+
|Module Name                                                                                                                   | RTL Object                       | PORT A (Depth x Width) | W | R | PORT B (Depth x Width) | W | R | Ports driving FF | RAMB18 | RAMB36 | 
+------------------------------------------------------------------------------------------------------------------------------+----------------------------------+------------------------+---+---+------------------------+---+---+------------------+--------+--------+
|\inst/uidbuf_u0 /\FDMA_WRITE_ENABLE.xpm_fifo_W_inst /\gnuram_async_fifo.xpm_fifo_base_inst /\gen_sdpram.xpm_memory_base_inst  | gen_wr_a.gen_word_narrow.mem_reg | 2 K x 128(NO_CHANGE)   | W |   | 2 K x 128(WRITE_FIRST) |   | R | Port A and B     | 1      | 7      | 
+------------------------------------------------------------------------------------------------------------------------------+----------------------------------+------------------------+---+---+------------------------+---+---+------------------+--------+--------+

---------------------------------------------------------------------------------
Finished ROM, RAM, DSP and Shift Register Reporting
---------------------------------------------------------------------------------

Report RTL Partitions: 
+-+--------------+------------+----------+
| |RTL Partition |Replication |Instances |
+-+--------------+------------+----------+
+-+--------------+------------+----------+
---------------------------------------------------------------------------------
Start Technology Mapping
---------------------------------------------------------------------------------
---------------------------------------------------------------------------------
Finished Technology Mapping : Time (s): cpu = 00:00:05 ; elapsed = 00:00:12 . Memory (MB): peak = 1193.379 ; gain = 427.367
---------------------------------------------------------------------------------

Report RTL Partitions: 
+-+--------------+------------+----------+
| |RTL Partition |Replication |Instances |
+-+--------------+------------+----------+
+-+--------------+------------+----------+
---------------------------------------------------------------------------------
Start IO Insertion
---------------------------------------------------------------------------------
---------------------------------------------------------------------------------
Start Flattening Before IO Insertion
---------------------------------------------------------------------------------
---------------------------------------------------------------------------------
Finished Flattening Before IO Insertion
---------------------------------------------------------------------------------
---------------------------------------------------------------------------------
Start Final Netlist Cleanup
---------------------------------------------------------------------------------
---------------------------------------------------------------------------------
Finished Final Netlist Cleanup
---------------------------------------------------------------------------------
---------------------------------------------------------------------------------
Finished IO Insertion : Time (s): cpu = 00:00:06 ; elapsed = 00:00:14 . Memory (MB): peak = 1198.145 ; gain = 432.133
---------------------------------------------------------------------------------
---------------------------------------------------------------------------------
Start Renaming Generated Instances
---------------------------------------------------------------------------------
---------------------------------------------------------------------------------
Finished Renaming Generated Instances : Time (s): cpu = 00:00:06 ; elapsed = 00:00:14 . Memory (MB): peak = 1198.145 ; gain = 432.133
---------------------------------------------------------------------------------

Report RTL Partitions: 
+-+--------------+------------+----------+
| |RTL Partition |Replication |Instances |
+-+--------------+------------+----------+
+-+--------------+------------+----------+

Report Check Netlist: 
+------+------------------+-------+---------+-------+------------------+
|      |Item              |Errors |Warnings |Status |Description       |
+------+------------------+-------+---------+-------+------------------+
|1     |multi_driven_nets |      0|        0|Passed |Multi driven nets |
+------+------------------+-------+---------+-------+------------------+
---------------------------------------------------------------------------------
Start Rebuilding User Hierarchy
---------------------------------------------------------------------------------
---------------------------------------------------------------------------------
Finished Rebuilding User Hierarchy : Time (s): cpu = 00:00:06 ; elapsed = 00:00:14 . Memory (MB): peak = 1198.145 ; gain = 432.133
---------------------------------------------------------------------------------
---------------------------------------------------------------------------------
Start Renaming Generated Ports
---------------------------------------------------------------------------------
---------------------------------------------------------------------------------
Finished Renaming Generated Ports : Time (s): cpu = 00:00:06 ; elapsed = 00:00:14 . Memory (MB): peak = 1198.145 ; gain = 432.133
---------------------------------------------------------------------------------
---------------------------------------------------------------------------------
Start Handling Custom Attributes
---------------------------------------------------------------------------------
---------------------------------------------------------------------------------
Finished Handling Custom Attributes : Time (s): cpu = 00:00:06 ; elapsed = 00:00:14 . Memory (MB): peak = 1198.152 ; gain = 432.141
---------------------------------------------------------------------------------
---------------------------------------------------------------------------------
Start Renaming Generated Nets
---------------------------------------------------------------------------------
---------------------------------------------------------------------------------
Finished Renaming Generated Nets : Time (s): cpu = 00:00:06 ; elapsed = 00:00:14 . Memory (MB): peak = 1198.152 ; gain = 432.141
---------------------------------------------------------------------------------
---------------------------------------------------------------------------------
Start Writing Synthesis Report
---------------------------------------------------------------------------------

Report BlackBoxes: 
+-+--------------+----------+
| |BlackBox name |Instances |
+-+--------------+----------+
+-+--------------+----------+

Report Cell Usage: 
+------+-----------+------+
|      |Cell       |Count |
+------+-----------+------+
|1     |CARRY4     |    43|
|2     |LUT1       |    15|
|3     |LUT2       |   115|
|4     |LUT3       |    20|
|5     |LUT4       |    56|
|6     |LUT5       |    34|
|7     |LUT6       |    42|
|8     |RAMB18E1_1 |     1|
|9     |RAMB36E1_1 |     7|
|10    |FDRE       |   418|
|11    |FDSE       |     7|
|12    |LD         |     8|
+------+-----------+------+

Report Instance Areas: 
+------+-----------------------------------------------+-----------------------------------+------+
|      |Instance                                       |Module                             |Cells |
+------+-----------------------------------------------+-----------------------------------+------+
|1     |top                                            |                                   |   766|
|2     |  inst                                         |uifdma_dbuf                        |   766|
|3     |    uidbuf_u0                                  |uidbuf                             |   721|
|4     |      \FDMA_WRITE_ENABLE.fs_cap_W0             |fs_cap                             |     6|
|5     |      \FDMA_WRITE_ENABLE.xpm_fifo_W_inst       |xpm_fifo_async                     |   594|
|6     |        \gnuram_async_fifo.xpm_fifo_base_inst  |xpm_fifo_base                      |   594|
|7     |          \gen_sdpram.xpm_memory_base_inst     |xpm_memory_base                    |     8|
|8     |          \gen_cdc_pntr.wr_pntr_cdc_inst       |xpm_cdc_gray__2                    |    53|
|9     |          \gen_cdc_pntr.wr_pntr_cdc_dc_inst    |xpm_cdc_gray__parameterized0       |    82|
|10    |          \gen_cdc_pntr.rd_pntr_cdc_inst       |xpm_cdc_gray                       |    53|
|11    |          \gen_cdc_pntr.rd_pntr_cdc_dc_inst    |xpm_cdc_gray__parameterized1       |    58|
|12    |          \gen_cdc_pntr.rpw_gray_reg           |xpm_fifo_reg_vec                   |    22|
|13    |          \gen_cdc_pntr.rpw_gray_reg_dc        |xpm_fifo_reg_vec__parameterized0   |    12|
|14    |          \gen_cdc_pntr.wpr_gray_reg           |xpm_fifo_reg_vec_0                 |    25|
|15    |          \gen_cdc_pntr.wpr_gray_reg_dc        |xpm_fifo_reg_vec__parameterized0_1 |    24|
|16    |          \gen_fwft.rdpp1_inst                 |xpm_counter_updn                   |     8|
|17    |          rdp_inst                             |xpm_counter_updn__parameterized0   |    53|
|18    |          rdpp1_inst                           |xpm_counter_updn__parameterized1   |    15|
|19    |          rst_d1_inst                          |xpm_fifo_reg_bit                   |     6|
|20    |          wrp_inst                             |xpm_counter_updn__parameterized0_2 |    30|
|21    |          wrpp1_inst                           |xpm_counter_updn__parameterized1_3 |    28|
|22    |          wrpp2_inst                           |xpm_counter_updn__parameterized2   |    14|
|23    |          xpm_fifo_rst_inst                    |xpm_fifo_rst                       |    39|
|24    |            \gen_rst_ic.wrst_rd_inst           |xpm_cdc_sync_rst__2                |     2|
|25    |            \gen_rst_ic.rrst_wr_inst           |xpm_cdc_sync_rst                   |     2|
|26    |    uidbufirq_inst                             |uidbufirq                          |    45|
+------+-----------------------------------------------+-----------------------------------+------+
---------------------------------------------------------------------------------
Finished Writing Synthesis Report : Time (s): cpu = 00:00:06 ; elapsed = 00:00:14 . Memory (MB): peak = 1198.152 ; gain = 432.141
---------------------------------------------------------------------------------
Synthesis finished with 0 errors, 0 critical warnings and 354 warnings.
Synthesis Optimization Runtime : Time (s): cpu = 00:00:04 ; elapsed = 00:00:12 . Memory (MB): peak = 1198.152 ; gain = 324.734
Synthesis Optimization Complete : Time (s): cpu = 00:00:06 ; elapsed = 00:00:14 . Memory (MB): peak = 1198.152 ; gain = 432.141
INFO: [Project 1-571] Translating synthesized netlist
Netlist sorting complete. Time (s): cpu = 00:00:00 ; elapsed = 00:00:00.014 . Memory (MB): peak = 1210.199 ; gain = 0.000
INFO: [Netlist 29-17] Analyzing 59 Unisim elements for replacement
INFO: [Netlist 29-28] Unisim Transformation completed in 0 CPU seconds
INFO: [Project 1-570] Preparing netlist for logic optimization
INFO: [Opt 31-138] Pushed 0 inverter(s) to 0 load pin(s).
Netlist sorting complete. Time (s): cpu = 00:00:00 ; elapsed = 00:00:00 . Memory (MB): peak = 1213.555 ; gain = 0.000
INFO: [Project 1-111] Unisim Transformation Summary:
  A total of 8 instances were transformed.
  LD => LDCE: 8 instances

INFO: [Common 17-83] Releasing license: Synthesis
174 Infos, 115 Warnings, 0 Critical Warnings and 0 Errors encountered.
synth_design completed successfully
synth_design: Time (s): cpu = 00:00:07 ; elapsed = 00:00:18 . Memory (MB): peak = 1213.555 ; gain = 744.062
Netlist sorting complete. Time (s): cpu = 00:00:00 ; elapsed = 00:00:00 . Memory (MB): peak = 1213.555 ; gain = 0.000
WARNING: [Constraints 18-5210] No constraints selected for write.
Resolution: This message can indicate that there are no constraints for the design, or it can indicate that the used_in flags are set such that the constraints are ignored. This later case is used when running synth_design to not write synthesis constraints to the resulting checkpoint. Instead, project constraints are read when the synthesized design is opened.
INFO: [Common 17-1381] The checkpoint 'D:/12_RFMU/05_coding/RFMU_v0_6_0/soc_prj/zed_9361/zed_9361.runs/design_1_uifdma_dbuf_0_0_synth_1/design_1_uifdma_dbuf_0_0.dcp' has been generated.
WARNING: [Common 17-576] 'use_project_ipc' is deprecated. This option is deprecated and no longer used.
INFO: [Coretcl 2-1648] Added synthesis output to IP cache for IP design_1_uifdma_dbuf_0_0, cache-ID = 0a1a139eecdeb7f2
INFO: [Coretcl 2-1174] Renamed 25 cell refs.
Netlist sorting complete. Time (s): cpu = 00:00:00 ; elapsed = 00:00:00 . Memory (MB): peak = 1213.555 ; gain = 0.000
WARNING: [Constraints 18-5210] No constraints selected for write.
Resolution: This message can indicate that there are no constraints for the design, or it can indicate that the used_in flags are set such that the constraints are ignored. This later case is used when running synth_design to not write synthesis constraints to the resulting checkpoint. Instead, project constraints are read when the synthesized design is opened.
INFO: [Common 17-1381] The checkpoint 'D:/12_RFMU/05_coding/RFMU_v0_6_0/soc_prj/zed_9361/zed_9361.runs/design_1_uifdma_dbuf_0_0_synth_1/design_1_uifdma_dbuf_0_0.dcp' has been generated.
INFO: [runtcl-4] Executing : report_utilization -file design_1_uifdma_dbuf_0_0_utilization_synth.rpt -pb design_1_uifdma_dbuf_0_0_utilization_synth.pb
INFO: [Common 17-206] Exiting Vivado at Tue Aug 29 09:36:46 2023...
