#-----------------------------------------------------------
# Vivado v2019.2 (64-bit)
# SW Build 2708876 on Wed Nov  6 21:40:23 MST 2019
# IP Build 2700528 on Thu Nov  7 00:09:20 MST 2019
# Start of session at: Tue Nov  7 14:33:08 2023
# Process ID: 13980
# Current directory: C:/Users/56588/Desktop/ZED_AD9361_Sean_2019_2_067/ZED_AD9361_Sean_2019_2_066/soc_prj/soc_prj/zed_9361
# Command line: vivado.exe -gui_launcher_event rodinguilauncherevent11492 C:\Users\56588\Desktop\ZED_AD9361_Sean_2019_2_067\ZED_AD9361_Sean_2019_2_066\soc_prj\soc_prj\zed_9361\zed_9361.xpr
# Log file: C:/Users/56588/Desktop/ZED_AD9361_Sean_2019_2_067/ZED_AD9361_Sean_2019_2_066/soc_prj/soc_prj/zed_9361/vivado.log
# Journal file: C:/Users/56588/Desktop/ZED_AD9361_Sean_2019_2_067/ZED_AD9361_Sean_2019_2_066/soc_prj/soc_prj/zed_9361\vivado.jou
#-----------------------------------------------------------
start_gui
open_project C:/Users/56588/Desktop/ZED_AD9361_Sean_2019_2_067/ZED_AD9361_Sean_2019_2_066/soc_prj/soc_prj/zed_9361/zed_9361.xpr
INFO: [ProjectBase 1-489] The host OS only allows 260 characters in a normal path. The project is stored in a path with more than 80 characters. If you experience issues with IP, Block Designs, or files not being found, please consider moving the project to a location with a shorter path. Alternately consider using the OS subst command to map part of the path to a drive letter.
Current project path is 'C:/Users/56588/Desktop/ZED_AD9361_Sean_2019_2_067/ZED_AD9361_Sean_2019_2_066/soc_prj/soc_prj/zed_9361'
INFO: [Project 1-313] Project file moved from 'F:/Ming_Jian/ZED_AD9361_Sean_2019_2_066/soc_prj/soc_prj/zed_9361' since last save.
Scanning sources...
Finished scanning sources
WARNING: [filemgmt 56-2] IP Repository Path: Could not find the directory 'C:/Users/56588/Desktop/ZED_AD9361_Sean_2019_2_067/ZED_AD9361_Sean_2019_2_066/soc_prj/ipdef', nor could it be found using path 'F:/Ming_Jian/ZED_AD9361_Sean_2019_2_066/soc_prj/ipdef'.
INFO: [IP_Flow 19-234] Refreshing IP repositories
WARNING: [IP_Flow 19-2248] Failed to load user IP repository 'c:/Users/56588/Desktop/ZED_AD9361_Sean_2019_2_067/ZED_AD9361_Sean_2019_2_066/soc_prj/ipdef'; Can't find the specified path.
If this directory should no longer be in your list of user repositories, go to the IP Settings dialog and remove it.
INFO: [IP_Flow 19-2313] Loaded Vivado IP repository 'C:/Xilinx/Vivado/2019.2/data/ip'.
WARNING: [BD 41-1661] One or more IPs have been locked in the design 'design_1.bd'. Please run report_ip_status for more details and recommendations on how to fix this issue.
List of locked IPs:
design_1_uiFDMA_0_0
design_1_uifdma_dbuf_0_0
design_1_ad9361_if_idelay_0_0
design_1_axi_lite_0_0

open_project: Time (s): cpu = 00:00:21 ; elapsed = 00:00:14 . Memory (MB): peak = 1109.816 ; gain = 421.914
update_compile_order -fileset sources_1
set_property -dict [list CONFIG.Sample_Frequency {8} CONFIG.Clock_Frequency {8} CONFIG.Clock_Frequency {8} CONFIG.Coefficient_Width {15} CONFIG.Coefficient_Structure {Inferred} CONFIG.Filter_Architecture {Systolic_Multiply_Accumulate} CONFIG.ColumnConfig {0,0,33}] [get_ips fir_compiler_0]
generate_target all [get_files  C:/Users/56588/Desktop/ZED_AD9361_Sean_2019_2_067/ZED_AD9361_Sean_2019_2_066/soc_prj/soc_prj/zed_9361/zed_9361.srcs/sources_1/ip/fir_compiler_0/fir_compiler_0.xci]
INFO: [IP_Flow 19-1686] Generating 'Instantiation Template' target for IP 'fir_compiler_0'...
INFO: [IP_Flow 19-1686] Generating 'Synthesis' target for IP 'fir_compiler_0'...
INFO: [IP_Flow 19-1686] Generating 'Simulation' target for IP 'fir_compiler_0'...
INFO: [IP_Flow 19-1686] Generating 'C Simulation' target for IP 'fir_compiler_0'...
INFO: [IP_Flow 19-1686] Generating 'Test Bench' target for IP 'fir_compiler_0'...
INFO: [IP_Flow 19-1686] Generating 'Miscellaneous' target for IP 'fir_compiler_0'...
INFO: [xilinx.com:ip:fir_compiler:7.2-1] fir_compiler_0: Coefficient Reload not selected, no files generated
INFO: [IP_Flow 19-1686] Generating 'Change Log' target for IP 'fir_compiler_0'...
catch { config_ip_cache -export [get_ips -all fir_compiler_0] }
export_ip_user_files -of_objects [get_files C:/Users/56588/Desktop/ZED_AD9361_Sean_2019_2_067/ZED_AD9361_Sean_2019_2_066/soc_prj/soc_prj/zed_9361/zed_9361.srcs/sources_1/ip/fir_compiler_0/fir_compiler_0.xci] -no_script -sync -force -quiet
reset_run fir_compiler_0_synth_1
launch_runs -jobs 8 fir_compiler_0_synth_1
[Tue Nov  7 14:36:27 2023] Launched fir_compiler_0_synth_1...
Run output will be captured here: C:/Users/56588/Desktop/ZED_AD9361_Sean_2019_2_067/ZED_AD9361_Sean_2019_2_066/soc_prj/soc_prj/zed_9361/zed_9361.runs/fir_compiler_0_synth_1/runme.log
export_simulation -of_objects [get_files C:/Users/56588/Desktop/ZED_AD9361_Sean_2019_2_067/ZED_AD9361_Sean_2019_2_066/soc_prj/soc_prj/zed_9361/zed_9361.srcs/sources_1/ip/fir_compiler_0/fir_compiler_0.xci] -directory C:/Users/56588/Desktop/ZED_AD9361_Sean_2019_2_067/ZED_AD9361_Sean_2019_2_066/soc_prj/soc_prj/zed_9361/zed_9361.ip_user_files/sim_scripts -ip_user_files_dir C:/Users/56588/Desktop/ZED_AD9361_Sean_2019_2_067/ZED_AD9361_Sean_2019_2_066/soc_prj/soc_prj/zed_9361/zed_9361.ip_user_files -ipstatic_source_dir C:/Users/56588/Desktop/ZED_AD9361_Sean_2019_2_067/ZED_AD9361_Sean_2019_2_066/soc_prj/soc_prj/zed_9361/zed_9361.ip_user_files/ipstatic -lib_map_path [list {modelsim=C:/Users/56588/Desktop/ZED_AD9361_Sean_2019_2_067/ZED_AD9361_Sean_2019_2_066/soc_prj/soc_prj/zed_9361/zed_9361.cache/compile_simlib/modelsim} {questa=C:/Users/56588/Desktop/ZED_AD9361_Sean_2019_2_067/ZED_AD9361_Sean_2019_2_066/soc_prj/soc_prj/zed_9361/zed_9361.cache/compile_simlib/questa} {riviera=C:/Users/56588/Desktop/ZED_AD9361_Sean_2019_2_067/ZED_AD9361_Sean_2019_2_066/soc_prj/soc_prj/zed_9361/zed_9361.cache/compile_simlib/riviera} {activehdl=C:/Users/56588/Desktop/ZED_AD9361_Sean_2019_2_067/ZED_AD9361_Sean_2019_2_066/soc_prj/soc_prj/zed_9361/zed_9361.cache/compile_simlib/activehdl}] -use_ip_compiled_libs -force -quiet
set_property -dict [list CONFIG.PRIMITIVE {MMCM} CONFIG.PRIM_IN_FREQ {16} CONFIG.CLKOUT1_REQUESTED_OUT_FREQ {8} CONFIG.CLKOUT1_DRIVES {BUFG} CONFIG.CLKOUT2_DRIVES {BUFG} CONFIG.CLKOUT3_DRIVES {BUFG} CONFIG.CLKOUT4_DRIVES {BUFG} CONFIG.CLKOUT5_DRIVES {BUFG} CONFIG.CLKOUT6_DRIVES {BUFG} CONFIG.CLKOUT7_DRIVES {BUFG} CONFIG.FEEDBACK_SOURCE {FDBK_AUTO} CONFIG.MMCM_DIVCLK_DIVIDE {1} CONFIG.MMCM_BANDWIDTH {OPTIMIZED} CONFIG.MMCM_CLKFBOUT_MULT_F {50.000} CONFIG.MMCM_CLKIN1_PERIOD {62.500} CONFIG.MMCM_CLKIN2_PERIOD {10.0} CONFIG.MMCM_COMPENSATION {ZHOLD} CONFIG.MMCM_CLKOUT0_DIVIDE_F {100.000} CONFIG.CLKOUT1_JITTER {614.443} CONFIG.CLKOUT1_PHASE_ERROR {410.677}] [get_ips clk_wiz_0]
generate_target all [get_files  C:/Users/56588/Desktop/ZED_AD9361_Sean_2019_2_067/ZED_AD9361_Sean_2019_2_066/soc_prj/soc_prj/zed_9361/zed_9361.srcs/clk_wiz_0/ip/clk_wiz_0/clk_wiz_0.xci]
INFO: [IP_Flow 19-1686] Generating 'Instantiation Template' target for IP 'clk_wiz_0'...
INFO: [IP_Flow 19-1686] Generating 'Synthesis' target for IP 'clk_wiz_0'...
INFO: [IP_Flow 19-1686] Generating 'Simulation' target for IP 'clk_wiz_0'...
INFO: [IP_Flow 19-1686] Generating 'Implementation' target for IP 'clk_wiz_0'...
INFO: [IP_Flow 19-1686] Generating 'Change Log' target for IP 'clk_wiz_0'...
catch { config_ip_cache -export [get_ips -all clk_wiz_0] }
export_ip_user_files -of_objects [get_files C:/Users/56588/Desktop/ZED_AD9361_Sean_2019_2_067/ZED_AD9361_Sean_2019_2_066/soc_prj/soc_prj/zed_9361/zed_9361.srcs/clk_wiz_0/ip/clk_wiz_0/clk_wiz_0.xci] -no_script -sync -force -quiet
reset_run clk_wiz_0_synth_1
launch_runs -jobs 8 clk_wiz_0_synth_1
[Tue Nov  7 14:40:38 2023] Launched clk_wiz_0_synth_1...
Run output will be captured here: C:/Users/56588/Desktop/ZED_AD9361_Sean_2019_2_067/ZED_AD9361_Sean_2019_2_066/soc_prj/soc_prj/zed_9361/zed_9361.runs/clk_wiz_0_synth_1/runme.log
export_simulation -of_objects [get_files C:/Users/56588/Desktop/ZED_AD9361_Sean_2019_2_067/ZED_AD9361_Sean_2019_2_066/soc_prj/soc_prj/zed_9361/zed_9361.srcs/clk_wiz_0/ip/clk_wiz_0/clk_wiz_0.xci] -directory C:/Users/56588/Desktop/ZED_AD9361_Sean_2019_2_067/ZED_AD9361_Sean_2019_2_066/soc_prj/soc_prj/zed_9361/zed_9361.ip_user_files/sim_scripts -ip_user_files_dir C:/Users/56588/Desktop/ZED_AD9361_Sean_2019_2_067/ZED_AD9361_Sean_2019_2_066/soc_prj/soc_prj/zed_9361/zed_9361.ip_user_files -ipstatic_source_dir C:/Users/56588/Desktop/ZED_AD9361_Sean_2019_2_067/ZED_AD9361_Sean_2019_2_066/soc_prj/soc_prj/zed_9361/zed_9361.ip_user_files/ipstatic -lib_map_path [list {modelsim=C:/Users/56588/Desktop/ZED_AD9361_Sean_2019_2_067/ZED_AD9361_Sean_2019_2_066/soc_prj/soc_prj/zed_9361/zed_9361.cache/compile_simlib/modelsim} {questa=C:/Users/56588/Desktop/ZED_AD9361_Sean_2019_2_067/ZED_AD9361_Sean_2019_2_066/soc_prj/soc_prj/zed_9361/zed_9361.cache/compile_simlib/questa} {riviera=C:/Users/56588/Desktop/ZED_AD9361_Sean_2019_2_067/ZED_AD9361_Sean_2019_2_066/soc_prj/soc_prj/zed_9361/zed_9361.cache/compile_simlib/riviera} {activehdl=C:/Users/56588/Desktop/ZED_AD9361_Sean_2019_2_067/ZED_AD9361_Sean_2019_2_066/soc_prj/soc_prj/zed_9361/zed_9361.cache/compile_simlib/activehdl}] -use_ip_compiled_libs -force -quiet
WARNING: [IP_Flow 19-4067] Ignoring invalid widget type specified checkbox.Providing a default widget
WARNING: [IP_Flow 19-4067] Ignoring invalid widget type specified checkbox.Providing a default widget
missing operand at _@_
in expression "8 / (_@_*1.0)"
missing operand at _@_
in expression "8 / (_@_*1.0)"
missing operand at _@_
in expression "8 / (_@_*1.0)"
missing operand at _@_
in expression "8 / (_@_*1.0)"
missing operand at _@_
in expression "8 / (_@_*1.0)"
missing operand at _@_
in expression "8 / (_@_*1.0)"
missing operand at _@_
in expression "8 / (_@_*1.0)"
missing operand at _@_
in expression "8 / (_@_*1.0)"
missing operand at _@_
in expression "16 *1.0 / _@_"
missing operand at _@_
in expression "16 *1.0 / _@_"
missing operand at _@_
in expression "16 *1.0 / _@_"
missing operand at _@_
in expression "16 *1.0 / _@_"
missing operand at _@_
in expression "16 *1.0 / _@_"
missing operand at _@_
in expression "8 / (_@_*1.0)"
missing operand at _@_
in expression "8 / (_@_*1.0)"
missing operand at _@_
in expression "8 / (_@_*1.0)"
missing operand at _@_
in expression "8 / (_@_*1.0)"
missing operand at _@_
in expression "8 / (_@_*1.0)"
missing operand at _@_
in expression "8 / (_@_*1.0)"
missing operand at _@_
in expression "8 / (_@_*1.0)"
missing operand at _@_
in expression "8 / (_@_*1.0)"
missing operand at _@_
in expression "8 / (_@_*1.0)"
missing operand at _@_
in expression "8 / (_@_*1.0)"
missing operand at _@_
in expression "8 / (_@_*1.0)"
missing operand at _@_
in expression "8 / (_@_*1.0)"
missing operand at _@_
in expression "16 *1.0 / _@_"
missing operand at _@_
in expression "16 *1.0 / _@_"
missing operand at _@_
in expression "16 *1.0 / _@_"
missing operand at _@_
in expression "16 *1.0 / _@_"
missing operand at _@_
in expression "16 *1.0 / _@_"
missing operand at _@_
in expression "8 / (_@_*1.0)"
missing operand at _@_
in expression "8 / (_@_*1.0)"
missing operand at _@_
in expression "8 / (_@_*1.0)"
missing operand at _@_
in expression "8 / (_@_*1.0)"
missing operand at _@_
in expression "8 / (_@_*1.0)"
missing operand at _@_
in expression "8 / (_@_*1.0)"
missing operand at _@_
in expression "8 / (_@_*1.0)"
missing operand at _@_
in expression "8 / (_@_*1.0)"
missing operand at _@_
in expression "8 / (_@_*1.0)"
missing operand at _@_
in expression "8 / (_@_*1.0)"
missing operand at _@_
in expression "8 / (_@_*1.0)"
missing operand at _@_
in expression "8 / (_@_*1.0)"
missing operand at _@_
in expression "16 *1.0 / _@_"
missing operand at _@_
in expression "16 *1.0 / _@_"
missing operand at _@_
in expression "16 *1.0 / _@_"
missing operand at _@_
in expression "16 *1.0 / _@_"
missing operand at _@_
in expression "16 *1.0 / _@_"
missing operand at _@_
in expression "8 / (_@_*1.0)"
missing operand at _@_
in expression "8 / (_@_*1.0)"
missing operand at _@_
in expression "8 / (_@_*1.0)"
missing operand at _@_
in expression "8 / (_@_*1.0)"
missing operand at _@_
in expression "8 / (_@_*1.0)"
missing operand at _@_
in expression "8 / (_@_*1.0)"
missing operand at _@_
in expression "8 / (_@_*1.0)"
missing operand at _@_
in expression "8 / (_@_*1.0)"
missing operand at _@_
in expression "8 / (_@_*1.0)"
missing operand at _@_
in expression "8 / (_@_*1.0)"
missing operand at _@_
in expression "8 / (_@_*1.0)"
missing operand at _@_
in expression "8 / (_@_*1.0)"
missing operand at _@_
in expression "16 *1.0 / _@_"
missing operand at _@_
in expression "16 *1.0 / _@_"
missing operand at _@_
in expression "16 *1.0 / _@_"
missing operand at _@_
in expression "16 *1.0 / _@_"
missing operand at _@_
in expression "16 *1.0 / _@_"
missing operand at _@_
in expression "8 / (_@_*1.0)"
missing operand at _@_
in expression "8 / (_@_*1.0)"
missing operand at _@_
in expression "8 / (_@_*1.0)"
set_property -dict [list CONFIG.PRIMITIVE {MMCM} CONFIG.PRIM_IN_FREQ {16} CONFIG.CLKOUT2_USED {false} CONFIG.CLKOUT1_REQUESTED_OUT_FREQ {8} CONFIG.CLKOUT1_DRIVES {BUFG} CONFIG.CLKOUT2_DRIVES {BUFG} CONFIG.CLKOUT3_DRIVES {BUFG} CONFIG.CLKOUT4_DRIVES {BUFG} CONFIG.CLKOUT5_DRIVES {BUFG} CONFIG.CLKOUT6_DRIVES {BUFG} CONFIG.CLKOUT7_DRIVES {BUFG} CONFIG.FEEDBACK_SOURCE {FDBK_AUTO} CONFIG.MMCM_DIVCLK_DIVIDE {1} CONFIG.MMCM_BANDWIDTH {OPTIMIZED} CONFIG.MMCM_CLKFBOUT_MULT_F {50.000} CONFIG.MMCM_CLKIN1_PERIOD {62.500} CONFIG.MMCM_CLKIN2_PERIOD {10.0} CONFIG.MMCM_COMPENSATION {ZHOLD} CONFIG.MMCM_CLKOUT0_DIVIDE_F {100.000} CONFIG.MMCM_CLKOUT1_DIVIDE {1} CONFIG.NUM_OUT_CLKS {1} CONFIG.CLKOUT1_JITTER {614.443} CONFIG.CLKOUT1_PHASE_ERROR {410.677} CONFIG.CLKOUT2_JITTER {385.544} CONFIG.CLKOUT2_PHASE_ERROR {432.554}] [get_ips clk_wiz_1]
generate_target all [get_files  C:/Users/56588/Desktop/ZED_AD9361_Sean_2019_2_067/ZED_AD9361_Sean_2019_2_066/soc_prj/soc_prj/zed_9361/zed_9361.srcs/sources_1/ip/clk_wiz_1/clk_wiz_1.xci]
INFO: [IP_Flow 19-1686] Generating 'Instantiation Template' target for IP 'clk_wiz_1'...
INFO: [IP_Flow 19-1686] Generating 'Synthesis' target for IP 'clk_wiz_1'...
INFO: [IP_Flow 19-1686] Generating 'Simulation' target for IP 'clk_wiz_1'...
INFO: [IP_Flow 19-1686] Generating 'Implementation' target for IP 'clk_wiz_1'...
INFO: [IP_Flow 19-1686] Generating 'Change Log' target for IP 'clk_wiz_1'...
catch { config_ip_cache -export [get_ips -all clk_wiz_1] }
export_ip_user_files -of_objects [get_files C:/Users/56588/Desktop/ZED_AD9361_Sean_2019_2_067/ZED_AD9361_Sean_2019_2_066/soc_prj/soc_prj/zed_9361/zed_9361.srcs/sources_1/ip/clk_wiz_1/clk_wiz_1.xci] -no_script -sync -force -quiet
reset_run clk_wiz_1_synth_1
launch_runs -jobs 8 clk_wiz_1_synth_1
[Tue Nov  7 14:48:02 2023] Launched clk_wiz_1_synth_1...
Run output will be captured here: C:/Users/56588/Desktop/ZED_AD9361_Sean_2019_2_067/ZED_AD9361_Sean_2019_2_066/soc_prj/soc_prj/zed_9361/zed_9361.runs/clk_wiz_1_synth_1/runme.log
export_simulation -of_objects [get_files C:/Users/56588/Desktop/ZED_AD9361_Sean_2019_2_067/ZED_AD9361_Sean_2019_2_066/soc_prj/soc_prj/zed_9361/zed_9361.srcs/sources_1/ip/clk_wiz_1/clk_wiz_1.xci] -directory C:/Users/56588/Desktop/ZED_AD9361_Sean_2019_2_067/ZED_AD9361_Sean_2019_2_066/soc_prj/soc_prj/zed_9361/zed_9361.ip_user_files/sim_scripts -ip_user_files_dir C:/Users/56588/Desktop/ZED_AD9361_Sean_2019_2_067/ZED_AD9361_Sean_2019_2_066/soc_prj/soc_prj/zed_9361/zed_9361.ip_user_files -ipstatic_source_dir C:/Users/56588/Desktop/ZED_AD9361_Sean_2019_2_067/ZED_AD9361_Sean_2019_2_066/soc_prj/soc_prj/zed_9361/zed_9361.ip_user_files/ipstatic -lib_map_path [list {modelsim=C:/Users/56588/Desktop/ZED_AD9361_Sean_2019_2_067/ZED_AD9361_Sean_2019_2_066/soc_prj/soc_prj/zed_9361/zed_9361.cache/compile_simlib/modelsim} {questa=C:/Users/56588/Desktop/ZED_AD9361_Sean_2019_2_067/ZED_AD9361_Sean_2019_2_066/soc_prj/soc_prj/zed_9361/zed_9361.cache/compile_simlib/questa} {riviera=C:/Users/56588/Desktop/ZED_AD9361_Sean_2019_2_067/ZED_AD9361_Sean_2019_2_066/soc_prj/soc_prj/zed_9361/zed_9361.cache/compile_simlib/riviera} {activehdl=C:/Users/56588/Desktop/ZED_AD9361_Sean_2019_2_067/ZED_AD9361_Sean_2019_2_066/soc_prj/soc_prj/zed_9361/zed_9361.cache/compile_simlib/activehdl}] -use_ip_compiled_libs -force -quiet
set_property -dict [list CONFIG.Sample_Frequency {8} CONFIG.Clock_Frequency {8} CONFIG.Coefficient_Width {16} CONFIG.Coefficient_Structure {Inferred} CONFIG.Filter_Architecture {Systolic_Multiply_Accumulate} CONFIG.ColumnConfig {0,0,33}] [get_ips fir_compiler_1]
generate_target all [get_files  C:/Users/56588/Desktop/ZED_AD9361_Sean_2019_2_067/ZED_AD9361_Sean_2019_2_066/soc_prj/soc_prj/zed_9361/zed_9361.srcs/sources_1/ip/fir_compiler_1/fir_compiler_1.xci]
INFO: [IP_Flow 19-1686] Generating 'Instantiation Template' target for IP 'fir_compiler_1'...
INFO: [IP_Flow 19-1686] Generating 'Synthesis' target for IP 'fir_compiler_1'...
INFO: [IP_Flow 19-1686] Generating 'Simulation' target for IP 'fir_compiler_1'...
INFO: [IP_Flow 19-1686] Generating 'C Simulation' target for IP 'fir_compiler_1'...
INFO: [IP_Flow 19-1686] Generating 'Test Bench' target for IP 'fir_compiler_1'...
INFO: [IP_Flow 19-1686] Generating 'Miscellaneous' target for IP 'fir_compiler_1'...
INFO: [xilinx.com:ip:fir_compiler:7.2-1] fir_compiler_1: Coefficient Reload not selected, no files generated
INFO: [IP_Flow 19-1686] Generating 'Change Log' target for IP 'fir_compiler_1'...
catch { config_ip_cache -export [get_ips -all fir_compiler_1] }
export_ip_user_files -of_objects [get_files C:/Users/56588/Desktop/ZED_AD9361_Sean_2019_2_067/ZED_AD9361_Sean_2019_2_066/soc_prj/soc_prj/zed_9361/zed_9361.srcs/sources_1/ip/fir_compiler_1/fir_compiler_1.xci] -no_script -sync -force -quiet
reset_run fir_compiler_1_synth_1
launch_runs -jobs 8 fir_compiler_1_synth_1
[Tue Nov  7 15:11:09 2023] Launched fir_compiler_1_synth_1...
Run output will be captured here: C:/Users/56588/Desktop/ZED_AD9361_Sean_2019_2_067/ZED_AD9361_Sean_2019_2_066/soc_prj/soc_prj/zed_9361/zed_9361.runs/fir_compiler_1_synth_1/runme.log
export_simulation -of_objects [get_files C:/Users/56588/Desktop/ZED_AD9361_Sean_2019_2_067/ZED_AD9361_Sean_2019_2_066/soc_prj/soc_prj/zed_9361/zed_9361.srcs/sources_1/ip/fir_compiler_1/fir_compiler_1.xci] -directory C:/Users/56588/Desktop/ZED_AD9361_Sean_2019_2_067/ZED_AD9361_Sean_2019_2_066/soc_prj/soc_prj/zed_9361/zed_9361.ip_user_files/sim_scripts -ip_user_files_dir C:/Users/56588/Desktop/ZED_AD9361_Sean_2019_2_067/ZED_AD9361_Sean_2019_2_066/soc_prj/soc_prj/zed_9361/zed_9361.ip_user_files -ipstatic_source_dir C:/Users/56588/Desktop/ZED_AD9361_Sean_2019_2_067/ZED_AD9361_Sean_2019_2_066/soc_prj/soc_prj/zed_9361/zed_9361.ip_user_files/ipstatic -lib_map_path [list {modelsim=C:/Users/56588/Desktop/ZED_AD9361_Sean_2019_2_067/ZED_AD9361_Sean_2019_2_066/soc_prj/soc_prj/zed_9361/zed_9361.cache/compile_simlib/modelsim} {questa=C:/Users/56588/Desktop/ZED_AD9361_Sean_2019_2_067/ZED_AD9361_Sean_2019_2_066/soc_prj/soc_prj/zed_9361/zed_9361.cache/compile_simlib/questa} {riviera=C:/Users/56588/Desktop/ZED_AD9361_Sean_2019_2_067/ZED_AD9361_Sean_2019_2_066/soc_prj/soc_prj/zed_9361/zed_9361.cache/compile_simlib/riviera} {activehdl=C:/Users/56588/Desktop/ZED_AD9361_Sean_2019_2_067/ZED_AD9361_Sean_2019_2_066/soc_prj/soc_prj/zed_9361/zed_9361.cache/compile_simlib/activehdl}] -use_ip_compiled_libs -force -quiet
reset_run synth_1
launch_runs impl_1 -to_step write_bitstream -jobs 8
INFO: [Vivado 12-4149] The synthesis checkpoint for IP 'C:/Users/56588/Desktop/ZED_AD9361_Sean_2019_2_067/ZED_AD9361_Sean_2019_2_066/soc_prj/soc_prj/zed_9361/zed_9361.srcs/sources_1/ip/fifo_generator_4/fifo_generator_4.xci' is already up-to-date
[Tue Nov  7 15:26:52 2023] Launched synth_1...
Run output will be captured here: C:/Users/56588/Desktop/ZED_AD9361_Sean_2019_2_067/ZED_AD9361_Sean_2019_2_066/soc_prj/soc_prj/zed_9361/zed_9361.runs/synth_1/runme.log
[Tue Nov  7 15:26:52 2023] Launched impl_1...
Run output will be captured here: C:/Users/56588/Desktop/ZED_AD9361_Sean_2019_2_067/ZED_AD9361_Sean_2019_2_066/soc_prj/soc_prj/zed_9361/zed_9361.runs/impl_1/runme.log
launch_runs: Time (s): cpu = 00:00:02 ; elapsed = 00:00:13 . Memory (MB): peak = 4475.879 ; gain = 0.000
export_ip_user_files -of_objects  [get_files C:/Users/56588/Desktop/ZED_AD9361_Sean_2019_2_067/ZED_AD9361_Sean_2019_2_066/soc_prj/soc_prj/zed_9361/zed_9361.srcs/sources_1/new/qpsk_op.v] -no_script -reset -force -quiet
remove_files  C:/Users/56588/Desktop/ZED_AD9361_Sean_2019_2_067/ZED_AD9361_Sean_2019_2_066/soc_prj/soc_prj/zed_9361/zed_9361.srcs/sources_1/new/qpsk_op.v
reset_run synth_1
launch_runs impl_1 -to_step write_bitstream -jobs 8
INFO: [Vivado 12-4149] The synthesis checkpoint for IP 'C:/Users/56588/Desktop/ZED_AD9361_Sean_2019_2_067/ZED_AD9361_Sean_2019_2_066/soc_prj/soc_prj/zed_9361/zed_9361.srcs/sources_1/ip/fifo_generator_4/fifo_generator_4.xci' is already up-to-date
[Tue Nov  7 15:30:54 2023] Launched synth_1...
Run output will be captured here: C:/Users/56588/Desktop/ZED_AD9361_Sean_2019_2_067/ZED_AD9361_Sean_2019_2_066/soc_prj/soc_prj/zed_9361/zed_9361.runs/synth_1/runme.log
[Tue Nov  7 15:30:54 2023] Launched impl_1...
Run output will be captured here: C:/Users/56588/Desktop/ZED_AD9361_Sean_2019_2_067/ZED_AD9361_Sean_2019_2_066/soc_prj/soc_prj/zed_9361/zed_9361.runs/impl_1/runme.log
launch_runs: Time (s): cpu = 00:00:02 ; elapsed = 00:01:01 . Memory (MB): peak = 4475.879 ; gain = 0.000
exit
INFO: [Common 17-206] Exiting Vivado at Tue Nov  7 15:33:02 2023...
