#-----------------------------------------------------------
# Vivado v2019.2 (64-bit)
# SW Build 2708876 on Wed Nov  6 21:40:23 MST 2019
# IP Build 2700528 on Thu Nov  7 00:09:20 MST 2019
# Start of session at: Thu Oct 26 15:58:41 2023
# Process ID: 8904
# Current directory: C:/projects/vivado20192/ZED_AD9361_Sean_2019_2_064/soc_prj/zed_9361
# Command line: vivado.exe -gui_launcher_event rodinguilauncherevent14312 C:\projects\vivado20192\ZED_AD9361_Sean_2019_2_064\soc_prj\zed_9361\zed_9361.xpr
# Log file: C:/projects/vivado20192/ZED_AD9361_Sean_2019_2_064/soc_prj/zed_9361/vivado.log
# Journal file: C:/projects/vivado20192/ZED_AD9361_Sean_2019_2_064/soc_prj/zed_9361\vivado.jou
#-----------------------------------------------------------
start_gui
open_project C:/projects/vivado20192/ZED_AD9361_Sean_2019_2_064/soc_prj/zed_9361/zed_9361.xpr
CRITICAL WARNING: [Project 1-19] Could not find the file 'C:/Users/56588/Desktop/新建文件夹/ZED_AD9361_Sean_2019_2_063/soc_prj/zed_9361/zed_9361.srcs/sources_1/ip/filter.coe'.
Scanning sources...
Finished scanning sources
INFO: [IP_Flow 19-234] Refreshing IP repositories
WARNING: [IP_Flow 19-1694] Ignoring duplicate Bus Definition IP file 'xilinx.com:user:FDMA:1.0' found within IP repository 'c:/projects/vivado20192/ZED_AD9361_Sean_2019_2_064/ipdef'.
File in use: c:/projects/vivado20192/ZED_AD9361_Sean_2019_2_064/ipdef/uifdma/FDMA.xml
File ignored: c:/projects/vivado20192/ZED_AD9361_Sean_2019_2_064/ipdef/uifdmadbuf/FDMA.xml
WARNING: [IP_Flow 19-1694] Ignoring duplicate Bus Abstraction IP file 'xilinx.com:user:FDMA_rtl:1.0' found within IP repository 'c:/projects/vivado20192/ZED_AD9361_Sean_2019_2_064/ipdef'.
File in use: c:/projects/vivado20192/ZED_AD9361_Sean_2019_2_064/ipdef/uifdma/FDMA_rtl.xml
File ignored: c:/projects/vivado20192/ZED_AD9361_Sean_2019_2_064/ipdef/uifdmadbuf/FDMA_rtl.xml
INFO: [IP_Flow 19-1700] Loaded user IP repository 'c:/projects/vivado20192/ZED_AD9361_Sean_2019_2_064/ipdef'.
INFO: [IP_Flow 19-2313] Loaded Vivado IP repository 'C:/Xilinx/Vivado/2019.2/data/ip'.
WARNING: [IP_Flow 19-3664] IP 'clk_wiz_0' generated file not found 'c:/Users/56588/Desktop/ZED_AD9361_Sean_2019_2_063/soc_prj/zed_9361/zed_9361.srcs/sources_1/clk_wiz_0/clk_wiz_0.dcp'. Please regenerate to continue.
WARNING: [IP_Flow 19-3664] IP 'clk_wiz_0' generated file not found 'c:/Users/56588/Desktop/ZED_AD9361_Sean_2019_2_063/soc_prj/zed_9361/zed_9361.srcs/sources_1/clk_wiz_0/clk_wiz_0_stub.v'. Please regenerate to continue.
WARNING: [IP_Flow 19-3664] IP 'clk_wiz_0' generated file not found 'c:/Users/56588/Desktop/ZED_AD9361_Sean_2019_2_063/soc_prj/zed_9361/zed_9361.srcs/sources_1/clk_wiz_0/clk_wiz_0_stub.vhdl'. Please regenerate to continue.
WARNING: [IP_Flow 19-3664] IP 'clk_wiz_0' generated file not found 'c:/Users/56588/Desktop/ZED_AD9361_Sean_2019_2_063/soc_prj/zed_9361/zed_9361.srcs/sources_1/clk_wiz_0/clk_wiz_0_sim_netlist.v'. Please regenerate to continue.
WARNING: [IP_Flow 19-3664] IP 'clk_wiz_0' generated file not found 'c:/Users/56588/Desktop/ZED_AD9361_Sean_2019_2_063/soc_prj/zed_9361/zed_9361.srcs/sources_1/clk_wiz_0/clk_wiz_0_sim_netlist.vhdl'. Please regenerate to continue.
WARNING: [IP_Flow 19-3664] IP 'fir_compiler_0' generated file not found 'c:/Users/56588/Desktop/ZED_AD9361_Sean_2019_2_063/soc_prj/zed_9361/zed_9361.srcs/sources_1/fir_compiler_0/fir_compiler_0.dcp'. Please regenerate to continue.
WARNING: [IP_Flow 19-3664] IP 'fir_compiler_0' generated file not found 'c:/Users/56588/Desktop/ZED_AD9361_Sean_2019_2_063/soc_prj/zed_9361/zed_9361.srcs/sources_1/fir_compiler_0/fir_compiler_0_stub.v'. Please regenerate to continue.
WARNING: [IP_Flow 19-3664] IP 'fir_compiler_0' generated file not found 'c:/Users/56588/Desktop/ZED_AD9361_Sean_2019_2_063/soc_prj/zed_9361/zed_9361.srcs/sources_1/fir_compiler_0/fir_compiler_0_stub.vhdl'. Please regenerate to continue.
WARNING: [IP_Flow 19-3664] IP 'fir_compiler_0' generated file not found 'c:/Users/56588/Desktop/ZED_AD9361_Sean_2019_2_063/soc_prj/zed_9361/zed_9361.srcs/sources_1/fir_compiler_0/fir_compiler_0_sim_netlist.v'. Please regenerate to continue.
WARNING: [IP_Flow 19-3664] IP 'fir_compiler_0' generated file not found 'c:/Users/56588/Desktop/ZED_AD9361_Sean_2019_2_063/soc_prj/zed_9361/zed_9361.srcs/sources_1/fir_compiler_0/fir_compiler_0_sim_netlist.vhdl'. Please regenerate to continue.
open_project: Time (s): cpu = 00:00:15 ; elapsed = 00:00:09 . Memory (MB): peak = 1028.770 ; gain = 271.098
update_compile_order -fileset sources_1
create_ip -name fifo_generator -vendor xilinx.com -library ip -version 13.2 -module_name fifo_generator_1 -dir c:/projects/vivado20192/ZED_AD9361_Sean_2019_2_064/soc_prj/zed_9361/zed_9361.srcs/sources_1/ip
set_property -dict [list CONFIG.Fifo_Implementation {Independent_Clocks_Block_RAM} CONFIG.Performance_Options {First_Word_Fall_Through} CONFIG.Input_Data_Width {12} CONFIG.Input_Depth {128} CONFIG.Output_Data_Width {12} CONFIG.Output_Depth {128} CONFIG.Reset_Pin {false} CONFIG.Reset_Type {Asynchronous_Reset} CONFIG.Full_Flags_Reset_Value {0} CONFIG.Use_Dout_Reset {false} CONFIG.Data_Count_Width {7} CONFIG.Write_Data_Count_Width {7} CONFIG.Read_Data_Count_Width {7} CONFIG.Full_Threshold_Assert_Value {127} CONFIG.Full_Threshold_Negate_Value {126} CONFIG.Empty_Threshold_Assert_Value {4} CONFIG.Empty_Threshold_Negate_Value {5} CONFIG.Enable_Safety_Circuit {false}] [get_ips fifo_generator_1]
generate_target {instantiation_template} [get_files c:/projects/vivado20192/ZED_AD9361_Sean_2019_2_064/soc_prj/zed_9361/zed_9361.srcs/sources_1/ip/fifo_generator_1/fifo_generator_1.xci]
INFO: [IP_Flow 19-1686] Generating 'Instantiation Template' target for IP 'fifo_generator_1'...
generate_target all [get_files  c:/projects/vivado20192/ZED_AD9361_Sean_2019_2_064/soc_prj/zed_9361/zed_9361.srcs/sources_1/ip/fifo_generator_1/fifo_generator_1.xci]
INFO: [IP_Flow 19-1686] Generating 'Synthesis' target for IP 'fifo_generator_1'...
INFO: [IP_Flow 19-1686] Generating 'Simulation' target for IP 'fifo_generator_1'...
INFO: [IP_Flow 19-1686] Generating 'Change Log' target for IP 'fifo_generator_1'...
catch { config_ip_cache -export [get_ips -all fifo_generator_1] }
export_ip_user_files -of_objects [get_files c:/projects/vivado20192/ZED_AD9361_Sean_2019_2_064/soc_prj/zed_9361/zed_9361.srcs/sources_1/ip/fifo_generator_1/fifo_generator_1.xci] -no_script -sync -force -quiet
create_ip_run [get_files -of_objects [get_fileset sources_1] c:/projects/vivado20192/ZED_AD9361_Sean_2019_2_064/soc_prj/zed_9361/zed_9361.srcs/sources_1/ip/fifo_generator_1/fifo_generator_1.xci]
launch_runs -jobs 8 fifo_generator_1_synth_1
[Thu Oct 26 16:02:06 2023] Launched fifo_generator_1_synth_1...
Run output will be captured here: C:/projects/vivado20192/ZED_AD9361_Sean_2019_2_064/soc_prj/zed_9361/zed_9361.runs/fifo_generator_1_synth_1/runme.log
export_simulation -of_objects [get_files c:/projects/vivado20192/ZED_AD9361_Sean_2019_2_064/soc_prj/zed_9361/zed_9361.srcs/sources_1/ip/fifo_generator_1/fifo_generator_1.xci] -directory C:/projects/vivado20192/ZED_AD9361_Sean_2019_2_064/soc_prj/zed_9361/zed_9361.ip_user_files/sim_scripts -ip_user_files_dir C:/projects/vivado20192/ZED_AD9361_Sean_2019_2_064/soc_prj/zed_9361/zed_9361.ip_exit
INFO: [Common 17-206] Exiting Vivado at Thu Oct 26 16:29:55 2023...
019_2_064/soc_prj/zed_9361/zed_9361.ip_user_files/ipstatic -lib_map_path [list {modelsim=C:/projects/vivado20192/ZED_AD9361_Sean_2019_2_064/soc_prj/zed_9361/zed_9361.cache/compile_simlib/modelsim} {questa=C:/projects/vivado20192/ZED_AD9361_Sean_2019_2_064/soc_prj/zed_9361/zed_9361.cache/compile_simlib/questa} {riviera=C:/projects/vivado20192/ZED_AD9361_Sean_2019_2_064/soc_prj/zed_9361/zed_9361.cache/compile_simlib/riviera} {activehdl=C:/projects/vivado20192/ZED_AD9361_Sean_2019_2_064/soc_prj/zed_9361/zed_9361.cache/compile_simlib/activehdl}] -use_ip_compiled_libs -force -quiet
launch_runs synth_1 -jobs 8
INFO: [Vivado 12-4149] The synthesis checkpoint for IP 'C:/projects/vivado20192/ZED_AD9361_Sean_2019_2_064/soc_prj/zed_9361/zed_9361.srcs/sources_1/ip/ila_0/ila_0.xci' is already up-to-date
INFO: [IP_Flow 19-1686] Generating 'Synthesis' target for IP 'fir_compiler_0'...
ERROR: [xilinx.com:ip:fir_compiler:7.2-0] fir_compiler_0: No mif file content generated
CRITICAL WARNING: [IP_Flow 19-1747] Failed to deliver file 'c:/Xilinx/Vivado/2019.2/data/ip/xilinx/fir_compiler_v7_2/ttcl/gen_mif_file.xit': 
ERROR: [IP_Flow 19-167] Failed to deliver one or more file(s).
ERROR: [IP_Flow 19-3505] IP Generation error: Failed to generate IP 'fir_compiler_0'. Failed to generate 'VHDL Synthesis' outputs: 
ERROR: [IP_Flow 19-98] Generation of the IP CORE failed.
Failed to generate IP 'fir_compiler_0'. Failed to generate 'VHDL Synthesis' outputs: 
export_ip_user_files -of_objects  [get_files C:/Users/56588/Desktop/新建文件夹/ZED_AD9361_Sean_2019_2_063/soc_prj/zed_9361/zed_9361.srcs/sources_1/ip/filter.coe] -no_script -reset -force -quiet
remove_files  C:/Users/56588/Desktop/新建文件夹/ZED_AD9361_Sean_2019_2_063/soc_prj/zed_9361/zed_9361.srcs/sources_1/ip/filter.coe
launch_runs synth_1 -jobs 8
INFO: [Vivado 12-4149] The synthesis checkpoint for IP 'C:/projects/vivado20192/ZED_AD9361_Sean_2019_2_064/soc_prj/zed_9361/zed_9361.srcs/sources_1/ip/ila_0/ila_0.xci' is already up-to-date
INFO: [IP_Flow 19-1686] Generating 'Synthesis' target for IP 'fir_compiler_0'...
ERROR: [xilinx.com:ip:fir_compiler:7.2-0] fir_compiler_0: No mif file content generated
CRITICAL WARNING: [IP_Flow 19-1747] Failed to deliver file 'c:/Xilinx/Vivado/2019.2/data/ip/xilinx/fir_compiler_v7_2/ttcl/gen_mif_file.xit': 
ERROR: [IP_Flow 19-167] Failed to deliver one or more file(s).
ERROR: [IP_Flow 19-3505] IP Generation error: Failed to generate IP 'fir_compiler_0'. Failed to generate 'VHDL Synthesis' outputs: 
ERROR: [IP_Flow 19-98] Generation of the IP CORE failed.
Failed to generate IP 'fir_compiler_0'. Failed to generate 'VHDL Synthesis' outputs: 
can't read "num_ip_psamps": no such variable
can't read "num_ip_psamps": no such variable
can't read "num_op_psamps": no such variable
can't read "num_op_psamps": no such variable
can't read "num_ip_psamps": no such variable
can't read "num_op_psamps": no such variable
can't read "num_ip_psamps": no such variable
can't read "num_op_psamps": no such variable
can't read "num_ip_psamps": no such variable
can't read "num_ip_psamps": no such variable
can't read "num_ip_psamps": no such variable
set_property -dict [list CONFIG.Coefficient_File {C:/projects/vivado20192/ZED_AD9361_Sean_2019_2_064/soc_prj/zed_9361/zed_9361.srcs/sources_1/ip/filter.coe} CONFIG.Coefficient_Sets {1} CONFIG.Coefficient_Sign {Signed} CONFIG.Quantization {Integer_Coefficients} CONFIG.Coefficient_Width {16} CONFIG.Coefficient_Fractional_Bits {0} CONFIG.Coefficient_Structure {Inferred} CONFIG.Data_Width {16} CONFIG.Output_Width {33}] [get_ips fir_compiler_0]
INFO: [IP_Flow 19-3484] Absolute path of file 'c:/projects/vivado20192/ZED_AD9361_Sean_2019_2_064/soc_prj/zed_9361/zed_9361.srcs/sources_1/ip/filter.coe' provided. It will be converted relative to IP Instance files '../../../../../../../../../projects/vivado20192/ZED_AD9361_Sean_2019_2_064/soc_prj/zed_9361/zed_9361.srcs/sources_1/ip/filter.coe'
generate_target all [get_files  C:/Users/56588/Desktop/ZED_AD9361_Sean_2019_2_063/soc_prj/zed_9361/zed_9361.srcs/sources_1/fir_compiler_0/fir_compiler_0.xci]
INFO: [IP_Flow 19-1686] Generating 'Synthesis' target for IP 'fir_compiler_0'...
catch { config_ip_cache -export [get_ips -all fir_compiler_0] }
export_ip_user_files -of_objects [get_files C:/Users/56588/Desktop/ZED_AD9361_Sean_2019_2_063/soc_prj/zed_9361/zed_9361.srcs/sources_1/fir_compiler_0/fir_compiler_0.xci] -no_script -sync -force -quiet
launch_runs -jobs 8 fir_compiler_0_synth_1
[Thu Oct 26 16:05:49 2023] Launched fir_compiler_0_synth_1...
Run output will be captured here: C:/projects/vivado20192/ZED_AD9361_Sean_2019_2_064/soc_prj/zed_9361/zed_9361.runs/fir_compiler_0_synth_1/runme.log
export_simulation -of_objects [get_files C:/Users/56588/Desktop/ZED_AD9361_Sean_2019_2_063/soc_prj/zed_9361/zed_9361.srcs/sources_1/fir_compiler_0/fir_compiler_0.xci] -directory C:/projects/vivado20192/ZED_AD9361_Sean_2019_2_064/soc_prj/zed_9361/zed_9361.ip_user_files/sim_scripts -ip_user_files_dir C:/projects/vivado20192/ZED_AD9361_Sean_2019_2_064/soc_prj/zed_9361/zed_9361.ip_user_files -ipstatic_source_dir C:/projects/vivado20192/ZED_AD9361_Sean_2019_2_064/soc_prj/zed_9361/zed_9361.ip_user_files/ipstatic -lib_map_path [list {modelsim=C:/projects/vivado20192/ZED_AD9361_Sean_2019_2_064/soc_prj/zed_9361/zed_9361.cache/compile_simlib/modelsim} {questa=C:/projects/vivado20192/ZED_AD9361_Sean_2019_2_064/soc_prj/zed_9361/zed_9361.cache/compile_simlib/questa} {riviera=C:/projects/vivado20192/ZED_AD9361_Sean_2019_2_064/soc_prj/zed_9361/zed_9361.cache/compile_simlib/riviera} {activehdl=C:/projects/vivado20192/ZED_AD9361_Sean_2019_2_064/soc_prj/zed_9361/zed_9361.cache/compile_simlib/activehdl}] -use_ip_compiled_libs -force -quiet
launch_runs synth_1 -jobs 8
INFO: [Vivado 12-4149] The synthesis checkpoint for IP 'C:/projects/vivado20192/ZED_AD9361_Sean_2019_2_064/soc_prj/zed_9361/zed_9361.srcs/sources_1/ip/ila_0/ila_0.xci' is already up-to-date
[Thu Oct 26 16:06:06 2023] Launched clk_wiz_0_synth_1, fir_compiler_0_synth_1...
Run output will be captured here:
clk_wiz_0_synth_1: C:/projects/vivado20192/ZED_AD9361_Sean_2019_2_064/soc_prj/zed_9361/zed_9361.runs/clk_wiz_0_synth_1/runme.log
fir_compiler_0_synth_1: C:/projects/vivado20192/ZED_AD9361_Sean_2019_2_064/soc_prj/zed_9361/zed_9361.runs/fir_compiler_0_synth_1/runme.log
[Thu Oct 26 16:06:06 2023] Launched synth_1...
Run output will be captured here: C:/projects/vivado20192/ZED_AD9361_Sean_2019_2_064/soc_prj/zed_9361/zed_9361.runs/synth_1/runme.log
launch_runs impl_1 -jobs 8
INFO: [Vivado 12-4149] The synthesis checkpoint for IP 'C:/projects/vivado20192/ZED_AD9361_Sean_2019_2_064/soc_prj/zed_9361/zed_9361.srcs/sources_1/ip/ila_0/ila_0.xci' is already up-to-date
[Thu Oct 26 16:10:02 2023] Launched impl_1...
Run output will be captured here: C:/projects/vivado20192/ZED_AD9361_Sean_2019_2_064/soc_prj/zed_9361/zed_9361.runs/impl_1/runme.log
reset_run impl_1
WARNING: [Vivado 12-1017] Problems encountered:
1. PID not specified

launch_runs impl_1 -jobs 8
INFO: [Vivado 12-4149] The synthesis checkpoint for IP 'C:/projects/vivado20192/ZED_AD9361_Sean_2019_2_064/soc_prj/zed_9361/zed_9361.srcs/sources_1/ip/ila_0/ila_0.xci' is already up-to-date
[Thu Oct 26 16:10:14 2023] Launched impl_1...
Run output will be captured here: C:/projects/vivado20192/ZED_AD9361_Sean_2019_2_064/soc_prj/zed_9361/zed_9361.runs/impl_1/runme.log
launch_runs impl_1 -to_step write_bitstream -jobs 8
INFO: [Vivado 12-4149] The synthesis checkpoint for IP 'C:/projects/vivado20192/ZED_AD9361_Sean_2019_2_064/soc_prj/zed_9361/zed_9361.srcs/sources_1/ip/ila_0/ila_0.xci' is already up-to-date
[Thu Oct 26 16:22:23 2023] Launched impl_1...
Run output will be captured here: C:/projects/vivado20192/ZED_AD9361_Sean_2019_2_064/soc_prj/zed_9361/zed_9361.runs/impl_1/runme.log
exit
INFO: [Common 17-206] Exiting Vivado at Thu Oct 26 16:26:54 2023...
