#-----------------------------------------------------------
# Vivado v2019.2 (64-bit)
# SW Build 2708876 on Wed Nov  6 21:40:23 MST 2019
# IP Build 2700528 on Thu Nov  7 00:09:20 MST 2019
# Start of session at: Fri Nov  3 10:05:56 2023
# Process ID: 10516
# Current directory: C:/projects/vivado20192/ZED_AD9361_Sean_2019_2_066_1/soc_prj/zed_9361
# Command line: vivado.exe -gui_launcher_event rodinguilauncherevent5520 C:\projects\vivado20192\ZED_AD9361_Sean_2019_2_066_1\soc_prj\zed_9361\zed_9361.xpr
# Log file: C:/projects/vivado20192/ZED_AD9361_Sean_2019_2_066_1/soc_prj/zed_9361/vivado.log
# Journal file: C:/projects/vivado20192/ZED_AD9361_Sean_2019_2_066_1/soc_prj/zed_9361\vivado.jou
#-----------------------------------------------------------
start_gui
open_project C:/projects/vivado20192/ZED_AD9361_Sean_2019_2_066_1/soc_prj/zed_9361/zed_9361.xpr
Scanning sources...
Finished scanning sources
INFO: [IP_Flow 19-234] Refreshing IP repositories
WARNING: [IP_Flow 19-1694] Ignoring duplicate Bus Definition IP file 'xilinx.com:user:FDMA:1.0' found within IP repository 'c:/projects/vivado20192/ZED_AD9361_Sean_2019_2_066_1/ipdef'.
File in use: c:/projects/vivado20192/ZED_AD9361_Sean_2019_2_066_1/ipdef/uifdma/FDMA.xml
File ignored: c:/projects/vivado20192/ZED_AD9361_Sean_2019_2_066_1/ipdef/uifdmadbuf/FDMA.xml
WARNING: [IP_Flow 19-1694] Ignoring duplicate Bus Abstraction IP file 'xilinx.com:user:FDMA_rtl:1.0' found within IP repository 'c:/projects/vivado20192/ZED_AD9361_Sean_2019_2_066_1/ipdef'.
File in use: c:/projects/vivado20192/ZED_AD9361_Sean_2019_2_066_1/ipdef/uifdma/FDMA_rtl.xml
File ignored: c:/projects/vivado20192/ZED_AD9361_Sean_2019_2_066_1/ipdef/uifdmadbuf/FDMA_rtl.xml
INFO: [IP_Flow 19-1700] Loaded user IP repository 'c:/projects/vivado20192/ZED_AD9361_Sean_2019_2_066_1/ipdef'.
INFO: [IP_Flow 19-2313] Loaded Vivado IP repository 'C:/Xilinx/Vivado/2019.2/data/ip'.
open_project: Time (s): cpu = 00:00:17 ; elapsed = 00:00:12 . Memory (MB): peak = 1083.285 ; gain = 380.402
update_compile_order -fileset sources_1
reset_run impl_1 -prev_step 
launch_runs impl_1 -to_step write_bitstream -jobs 8
INFO: [Vivado 12-4149] The synthesis checkpoint for IP 'C:/projects/vivado20192/ZED_AD9361_Sean_2019_2_066_1/soc_prj/zed_9361/zed_9361.srcs/sources_1/ip/ila_0/ila_0.xci' is already up-to-date
INFO: [Vivado 12-4149] The synthesis checkpoint for IP 'C:/projects/vivado20192/ZED_AD9361_Sean_2019_2_066_1/soc_prj/zed_9361/zed_9361.srcs/sources_1/ip/fifo_generator_4/fifo_generator_4.xci' is already up-to-date
WARNING: [Vivado 12-872] Run step 'Design Initialization' is out-of-date.
[Fri Nov  3 10:11:30 2023] Launched impl_1...
Run output will be captured here: C:/projects/vivado20192/ZED_AD9361_Sean_2019_2_066_1/soc_prj/zed_9361/zed_9361.runs/impl_1/runme.log
reset_run synth_1
launch_runs impl_1 -to_step write_bitstream -jobs 8
INFO: [Vivado 12-4149] The synthesis checkpoint for IP 'C:/projects/vivado20192/ZED_AD9361_Sean_2019_2_066_1/soc_prj/zed_9361/zed_9361.srcs/sources_1/ip/ila_0/ila_0.xci' is already up-to-date
INFO: [Vivado 12-4149] The synthesis checkpoint for IP 'C:/projects/vivado20192/ZED_AD9361_Sean_2019_2_066_1/soc_prj/zed_9361/zed_9361.srcs/sources_1/ip/fifo_generator_4/fifo_generator_4.xci' is already up-to-date
[Fri Nov  3 10:13:13 2023] Launched synth_1...
Run output will be captured here: C:/projects/vivado20192/ZED_AD9361_Sean_2019_2_066_1/soc_prj/zed_9361/zed_9361.runs/synth_1/runme.log
[Fri Nov  3 10:13:13 2023] Launched impl_1...
Run output will be captured here: C:/projects/vivado20192/ZED_AD9361_Sean_2019_2_066_1/soc_prj/zed_9361/zed_9361.runs/impl_1/runme.log
WARNING: [IP_Flow 19-4067] Ignoring invalid widget type specified checkbox.Providing a default widget
WARNING: [IP_Flow 19-4067] Ignoring invalid widget type specified checkbox.Providing a default widget
WARNING: [IP_Flow 19-4067] Ignoring invalid widget type specified checkbox.Providing a default widget
WARNING: [IP_Flow 19-4067] Ignoring invalid widget type specified checkbox.Providing a default widget
INFO: [IP_Flow 19-3484] Absolute path of file 'c:/projects/vivado20192/ZED_AD9361_Sean_2019_2_066_1/soc_prj/zed_9361/zed_9361.srcs/sources_1/ip/QPSK_1024x8_R.coe' provided. It will be converted relative to IP Instance files '../../../../zed_9361.srcs/sources_1/ip/QPSK_1024x8_R.coe'
create_ip -name blk_mem_gen -vendor xilinx.com -library ip -version 8.4 -module_name blk_mem_gen_R -dir c:/projects/vivado20192/ZED_AD9361_Sean_2019_2_066_1/soc_prj/zed_9361/zed_9361.srcs/sources_1/ip
set_property -dict [list CONFIG.Component_Name {blk_mem_gen_R} CONFIG.Memory_Type {Single_Port_ROM} CONFIG.Write_Width_A {12} CONFIG.Write_Depth_A {8192} CONFIG.Read_Width_A {12} CONFIG.Write_Width_B {12} CONFIG.Read_Width_B {12} CONFIG.Load_Init_File {true} CONFIG.Coe_File {c:/projects/vivado20192/ZED_AD9361_Sean_2019_2_066_1/soc_prj/zed_9361/zed_9361.srcs/sources_1/ip/QPSK_1024x8_R.coe} CONFIG.Port_A_Write_Rate {0}] [get_ips blk_mem_gen_R]
WARNING: [Vivado 12-3523] Attempt to change 'Component_Name' from 'blk_mem_gen_R' to 'blk_mem_gen_R' is not allowed and is ignored.
INFO: [IP_Flow 19-3484] Absolute path of file 'c:/projects/vivado20192/ZED_AD9361_Sean_2019_2_066_1/soc_prj/zed_9361/zed_9361.srcs/sources_1/ip/QPSK_1024x8_R.coe' provided. It will be converted relative to IP Instance files '../QPSK_1024x8_R.coe'
generate_target {instantiation_template} [get_files c:/projects/vivado20192/ZED_AD9361_Sean_2019_2_066_1/soc_prj/zed_9361/zed_9361.srcs/sources_1/ip/blk_mem_gen_R/blk_mem_gen_R.xci]
INFO: [IP_Flow 19-1686] Generating 'Instantiation Template' target for IP 'blk_mem_gen_R'...
generate_target all [get_files  c:/projects/vivado20192/ZED_AD9361_Sean_2019_2_066_1/soc_prj/zed_9361/zed_9361.srcs/sources_1/ip/blk_mem_gen_R/blk_mem_gen_R.xci]
INFO: [IP_Flow 19-1686] Generating 'Synthesis' target for IP 'blk_mem_gen_R'...
INFO: [IP_Flow 19-1686] Generating 'Simulation' target for IP 'blk_mem_gen_R'...
INFO: [IP_Flow 19-1686] Generating 'Miscellaneous' target for IP 'blk_mem_gen_R'...
INFO: [IP_Flow 19-1686] Generating 'Change Log' target for IP 'blk_mem_gen_R'...
catch { config_ip_cache -export [get_ips -all blk_mem_gen_R] }
export_ip_user_files -of_objects [get_files c:/projects/vivado20192/ZED_AD9361_Sean_2019_2_066_1/soc_prj/zed_9361/zed_9361.srcs/sources_1/ip/blk_mem_gen_R/blk_mem_gen_R.xci] -no_script -sync -force -quiet
create_ip_run [get_files -of_objects [get_fileset sources_1] c:/projects/vivado20192/ZED_AD9361_Sean_2019_2_066_1/soc_prj/zed_9361/zed_9361.srcs/sources_1/ip/blk_mem_gen_R/blk_mem_gen_R.xci]
launch_runs -jobs 8 blk_mem_gen_R_synth_1
[Fri Nov  3 10:23:30 2023] Launched blk_mem_gen_R_synth_1...
Run output will be captured here: C:/projects/vivado20192/ZED_AD9361_Sean_2019_2_066_1/soc_prj/zed_9361/zed_9361.runs/blk_mem_gen_R_synth_1/runme.log
export_simulation -of_objects [get_files c:/projects/vivado20192/ZED_AD9361_Sean_2019_2_066_1/soc_prj/zed_9361/zed_9361.srcs/sources_1/ip/blk_mem_gen_R/blk_mem_gen_R.xci] -directory C:/projects/vivado20192/ZED_AD9361_Sean_2019_2_066_1/soc_prj/zed_9361/zed_9361.ip_user_files/sim_scripts -ip_user_files_dir C:/projects/vivado20192/ZED_AD9361_Sean_2019_2_066_1/soc_prj/zed_9361/zed_9361.ip_user_files -ipstatic_source_dir C:/projects/vivado20192/ZED_AD9361_Sean_2019_2_066_1/soc_prj/zed_9361/zed_9361.ip_user_files/ipstatic -lib_map_path [list {modelsim=C:/projects/vivado20192/ZED_AD9361_Sean_2019_2_066_1/soc_prj/zed_9361/zed_9361.cache/compile_simlib/modelsim} {questa=C:/projects/vivado20192/ZED_AD9361_Sean_2019_2_066_1/soc_prj/zed_9361/zed_9361.cache/compile_simlib/questa} {riviera=C:/projects/vivado20192/ZED_AD9361_Sean_2019_2_066_1/soc_prj/zed_9361/zed_9361.cache/compile_simlib/riviera} {activehdl=C:/projects/vivado20192/ZED_AD9361_Sean_2019_2_066_1/soc_prj/zed_9361/zed_9361.cache/compile_simlib/activehdl}] -use_ip_compiled_libs -force -quiet
WARNING: [IP_Flow 19-4067] Ignoring invalid widget type specified checkbox.Providing a default widget
WARNING: [IP_Flow 19-4067] Ignoring invalid widget type specified checkbox.Providing a default widget
INFO: [IP_Flow 19-3484] Absolute path of file 'c:/projects/vivado20192/ZED_AD9361_Sean_2019_2_066_1/soc_prj/zed_9361/zed_9361.srcs/sources_1/ip/QPSK_1024x8_I.coe' provided. It will be converted relative to IP Instance files '../../../../zed_9361.srcs/sources_1/ip/QPSK_1024x8_I.coe'
create_ip -name blk_mem_gen -vendor xilinx.com -library ip -version 8.4 -module_name blk_mem_gen_I -dir c:/projects/vivado20192/ZED_AD9361_Sean_2019_2_066_1/soc_prj/zed_9361/zed_9361.srcs/sources_1/ip
set_property -dict [list CONFIG.Component_Name {blk_mem_gen_I} CONFIG.Memory_Type {Single_Port_ROM} CONFIG.Write_Width_A {12} CONFIG.Write_Depth_A {8192} CONFIG.Read_Width_A {12} CONFIG.Write_Width_B {12} CONFIG.Read_Width_B {12} CONFIG.Load_Init_File {true} CONFIG.Coe_File {c:/projects/vivado20192/ZED_AD9361_Sean_2019_2_066_1/soc_prj/zed_9361/zed_9361.srcs/sources_1/ip/QPSK_1024x8_I.coe} CONFIG.Port_A_Write_Rate {0}] [get_ips blk_mem_gen_I]
WARNING: [Vivado 12-3523] Attempt to change 'Component_Name' from 'blk_mem_gen_I' to 'blk_mem_gen_I' is not allowed and is ignored.
INFO: [IP_Flow 19-3484] Absolute path of file 'c:/projects/vivado20192/ZED_AD9361_Sean_2019_2_066_1/soc_prj/zed_9361/zed_9361.srcs/sources_1/ip/QPSK_1024x8_I.coe' provided. It will be converted relative to IP Instance files '../QPSK_1024x8_I.coe'
generate_target {instantiation_template} [get_files c:/projects/vivado20192/ZED_AD9361_Sean_2019_2_066_1/soc_prj/zed_9361/zed_9361.srcs/sources_1/ip/blk_mem_gen_I/blk_mem_gen_I.xci]
INFO: [IP_Flow 19-1686] Generating 'Instantiation Template' target for IP 'blk_mem_gen_I'...
generate_target all [get_files  c:/projects/vivado20192/ZED_AD9361_Sean_2019_2_066_1/soc_prj/zed_9361/zed_9361.srcs/sources_1/ip/blk_mem_gen_I/blk_mem_gen_I.xci]
INFO: [IP_Flow 19-1686] Generating 'Synthesis' target for IP 'blk_mem_gen_I'...
INFO: [IP_Flow 19-1686] Generating 'Simulation' target for IP 'blk_mem_gen_I'...
INFO: [IP_Flow 19-1686] Generating 'Miscellaneous' target for IP 'blk_mem_gen_I'...
INFO: [IP_Flow 19-1686] Generating 'Change Log' target for IP 'blk_mem_gen_I'...
catch { config_ip_cache -export [get_ips -all blk_mem_gen_I] }
export_ip_user_files -of_objects [get_files c:/projects/vivado20192/ZED_AD9361_Sean_2019_2_066_1/soc_prj/zed_9361/zed_9361.srcs/sources_1/ip/blk_mem_gen_I/blk_mem_gen_I.xci] -no_script -sync -force -quiet
create_ip_run [get_files -of_objects [get_fileset sources_1] c:/projects/vivado20192/ZED_AD9361_Sean_2019_2_066_1/soc_prj/zed_9361/zed_9361.srcs/sources_1/ip/blk_mem_gen_I/blk_mem_gen_I.xci]
launch_runs -jobs 8 blk_mem_gen_I_synth_1
[Fri Nov  3 10:24:38 2023] Launched blk_mem_gen_I_synth_1...
Run output will be captured here: C:/projects/vivado20192/ZED_AD9361_Sean_2019_2_066_1/soc_prj/zed_9361/zed_9361.runs/blk_mem_gen_I_synth_1/runme.log
export_simulation -of_objects [get_files c:/projects/vivado20192/ZED_AD9361_Sean_2019_2_066_1/soc_prj/zed_9361/zed_9361.srcs/sources_1/ip/blk_mem_gen_I/blk_mem_gen_I.xci] -directory C:/projects/vivado20192/ZED_AD9361_Sean_2019_2_066_1/soc_prj/zed_9361/zed_9361.ip_user_files/sim_scripts -ip_user_files_dir C:/projects/vivado20192/ZED_AD9361_Sean_2019_2_066_1/soc_prj/zed_9361/zed_9361.ip_user_files -ipstatic_source_dir C:/projects/vivado20192/ZED_AD9361_Sean_2019_2_066_1/soc_prj/zed_9361/zed_9361.ip_user_files/ipstatic -lib_map_path [list {modelsim=C:/projects/vivado20192/ZED_AD9361_Sean_2019_2_066_1/soc_prj/zed_9361/zed_9361.cache/compile_simlib/modelsim} {questa=C:/projects/vivado20192/ZED_AD9361_Sean_2019_2_066_1/soc_prj/zed_9361/zed_9361.cache/compile_simlib/questa} {riviera=C:/projects/vivado20192/ZED_AD9361_Sean_2019_2_066_1/soc_prj/zed_9361/zed_9361.cache/compile_simlib/riviera} {activehdl=C:/projects/vivado20192/ZED_AD9361_Sean_2019_2_066_1/soc_prj/zed_9361/zed_9361.cache/compile_simlib/activehdl}] -use_ip_compiled_libs -force -quiet
update_compile_order -fileset sources_1
reset_run synth_1
launch_runs impl_1 -to_step write_bitstream -jobs 8
INFO: [Vivado 12-4149] The synthesis checkpoint for IP 'C:/projects/vivado20192/ZED_AD9361_Sean_2019_2_066_1/soc_prj/zed_9361/zed_9361.srcs/sources_1/ip/ila_0/ila_0.xci' is already up-to-date
INFO: [Vivado 12-4149] The synthesis checkpoint for IP 'C:/projects/vivado20192/ZED_AD9361_Sean_2019_2_066_1/soc_prj/zed_9361/zed_9361.srcs/sources_1/ip/fifo_generator_4/fifo_generator_4.xci' is already up-to-date
[Fri Nov  3 10:27:45 2023] Launched synth_1...
Run output will be captured here: C:/projects/vivado20192/ZED_AD9361_Sean_2019_2_066_1/soc_prj/zed_9361/zed_9361.runs/synth_1/runme.log
[Fri Nov  3 10:27:46 2023] Launched impl_1...
Run output will be captured here: C:/projects/vivado20192/ZED_AD9361_Sean_2019_2_066_1/soc_prj/zed_9361/zed_9361.runs/impl_1/runme.log
exit
INFO: [Common 17-206] Exiting Vivado at Fri Nov  3 10:35:31 2023...
