TRACE::2023-08-30.11:22:13::SCWBifWriter::Found the complete platform D:/12_RFMU/RFMU_v0_5_3/soc_vitis/zed_9361_tcp/export/zed_9361_tcp/zed_9361_tcp.xpfm
TRACE::2023-08-30.11:22:13::SCWBifWriter::hardware databse : design_1_wrapper
TRACE::2023-08-30.11:22:13::SCWBifWriter::bitstream found in the design
TRACE::2023-08-30.11:22:13::SCWBifWriter::Found a baremetal domain, proc: ps7_cortexa9_0
TRACE::2023-08-30.11:22:13::SCWBifWriter::proc type : 
TRACE::2023-08-30.11:22:13::SCWBifWriter::proc[0] : ps7_cortexa9_0
TRACE::2023-08-30.11:22:13::SCWBifWriter::Device type is : zynq
TRACE::2023-08-30.11:22:13::SCWBifWriter::Writing BIF to file : D:/12_RFMU/05_coding/RFMU_v0_6_1/soc_vitis/tcp_9361_system/Debug/system.bif
TRACE::2023-08-30.11:22:13::SCWBifWriter::Writing the Zynq Baremetal bif 
TRACE::2023-10-06.17:02:12::SCWBifWriter::Found the complete platform D:/12_RFMU/05_coding/RFMU_v0_6_2/soc_vitis/zed_9361_tcp/export/zed_9361_tcp/zed_9361_tcp.xpfm
TRACE::2023-10-06.17:02:12::SCWBifWriter::hardware databse : design_1_wrapper_3
TRACE::2023-10-06.17:02:12::SCWBifWriter::bitstream found in the design
TRACE::2023-10-06.17:02:12::SCWBifWriter::Found a baremetal domain, proc: ps7_cortexa9_0
TRACE::2023-10-06.17:02:12::SCWBifWriter::proc type : 
TRACE::2023-10-06.17:02:12::SCWBifWriter::proc[0] : ps7_cortexa9_0
TRACE::2023-10-06.17:02:12::SCWBifWriter::Device type is : zynq
TRACE::2023-10-06.17:02:12::SCWBifWriter::Writing BIF to file : D:/12_RFMU/05_coding/RFMU_v0_6_2/soc_vitis/tcp_9361_system/Debug/system.bif
TRACE::2023-10-06.17:02:12::SCWBifWriter::Writing the Zynq Baremetal bif 
TRACE::2023-10-08.09:23:12::SCWBifWriter::Found the complete platform D:/12_RFMU/05_coding/RFMU_v0_6_2/soc_vitis/zed_9361_tcp/export/zed_9361_tcp/zed_9361_tcp.xpfm
TRACE::2023-10-08.09:23:12::SCWBifWriter::hardware databse : design_1_wrapper
TRACE::2023-10-08.09:23:12::SCWBifWriter::bitstream found in the design
TRACE::2023-10-08.09:23:12::SCWBifWriter::Found a baremetal domain, proc: ps7_cortexa9_0
TRACE::2023-10-08.09:23:12::SCWBifWriter::proc type : 
TRACE::2023-10-08.09:23:12::SCWBifWriter::proc[0] : ps7_cortexa9_0
TRACE::2023-10-08.09:23:12::SCWBifWriter::Device type is : zynq
TRACE::2023-10-08.09:23:12::SCWBifWriter::Writing BIF to file : D:/12_RFMU/05_coding/RFMU_v0_6_3/soc_vitis/tcp_9361_system/Debug/system.bif
TRACE::2023-10-08.09:23:12::SCWBifWriter::Writing the Zynq Baremetal bif 
TRACE::2023-10-08.09:24:11::SCWBifWriter::Found the complete platform D:/12_RFMU/05_coding/RFMU_v0_6_3/soc_vitis/zed_9361_tcp/export/zed_9361_tcp/zed_9361_tcp.xpfm
TRACE::2023-10-08.09:24:11::SCWBifWriter::hardware databse : design_1_wrapper_1
TRACE::2023-10-08.09:24:11::SCWBifWriter::bitstream found in the design
TRACE::2023-10-08.09:24:11::SCWBifWriter::Found a baremetal domain, proc: ps7_cortexa9_0
TRACE::2023-10-08.09:24:11::SCWBifWriter::proc type : 
TRACE::2023-10-08.09:24:11::SCWBifWriter::proc[0] : ps7_cortexa9_0
TRACE::2023-10-08.09:24:11::SCWBifWriter::Device type is : zynq
TRACE::2023-10-08.09:24:11::SCWBifWriter::Writing BIF to file : D:/12_RFMU/05_coding/RFMU_v0_6_3/soc_vitis/tcp_9361_system/Debug/system.bif
TRACE::2023-10-08.09:24:11::SCWBifWriter::Writing the Zynq Baremetal bif 
